[2024-08-18 06:43:56]Backup begin
==Output Finish==
Backup DataBase Finish..

===========================================================
==DataStatistics==
TotalRole: 10
ShaoLinRole: 1
TianWangRole: 0
TangMenRole: 2
WuDuRole: 2
EMeiRole: 1
CuiYanRole: 1
GaiBangRole: 1
TianRenRole: 1
WuDangRole: 1
KunLunRole: 0
BeginRole: 0
NoFactionRole: 0
------------------------------------------------
TotalMoney: 823059556.000000
ShaoLinMoney: 219139922.000000
TianWangMoney: 0.000000
TangMenMoney: 129373872.000000
WuDuMoney: 13491934.000000
EMeiMoney: 168150112.000000
CuiYanMoney: 3516886.000000
GaiBangMoney: 122539121.000000
TianRenMoney: 4286339.000000
WuDangMoney: 162561370.000000
KunLunMoney: 0.000000
BeginMoney: 0.000000
NoFactionMoney: 0.000000
------------------------------------------------
Distribution of The Role Level[1-200Level]: 
Level	Total role	Total TranLifeCount[0]	Total TranLifeCount[1]	Total TranLifeCount[2]	Total TranLifeCount[3]	Total TranLifeCount[4]	Total TranLifeCount[5]	Total TranLifeCount[6]	Total TranLifeCount[7]	
120Level Roles:	1	1							
122Level Roles:	1	1							
139Level Roles:	1	1							
142Level Roles:	1	1							
144Level Roles:	2	2							
146Level Roles:	3	3							
200Level Roles:	1	1							
------------------------------------------------
Distribution of role's TranLifeCount
TranLifeCount[0]: 10
------------------------------------------------
TotalWllsHonor: 0
TotalEnergy: 0

===========================================================
==Role's Statistics==:
--------------Level--------------
NhÀmŸDoanhŸDoanh	-1	1
H≠ŸTrÛc	-2	2
Ki“uŸPhong	-3	3
L˝ŸMπŸS«u	-4	4
MÈcŸUy”nŸThanh	-5	5
ßi“nŸB∏ŸQuan	-6	6
NghiŸL©m	-7	7
Th∏iŸ t	-8	8
TrieuMan	-9	9
	-10	10
--------------Money--------------
H≠ŸTrÛc	219139922	0
NhÀmŸDoanhŸDoanh	168150112	0
Th∏iŸ t	162561370	0
ßi“nŸB∏ŸQuan	129273247	0
Ki“uŸPhong	122539121	0
L˝ŸMπŸS«u	13431638	0
MÈcŸUy”nŸThanh	4286339	0
NghiŸL©m	3516886	0
TrieuMan	100625	0
Buff5d	60296	0
--------------Killer--------------
Buff5d	1	0
	0	0
	0	0
	0	0
	0	0
	0	0
	0	0
	0	0
	0	0
	0	0
--------------Fortune--------------
H≠ŸTrÛc	3067	0
NhÀmŸDoanhŸDoanh	2354	0
Th∏iŸ t	2275	0
ßi“nŸB∏ŸQuan	1809	0
Ki“uŸPhong	1715	0
L˝ŸMπŸS«u	188	0
MÈcŸUy”nŸThanh	60	0
NghiŸL©m	49	0
TrieuMan	1	0
	0	0
--------------BossKiller--------------
	0	1
	0	2
	0	3
	0	4
	0	5
	0	6
	0	7
	0	8
	0	9
	0	10
--------------LeagueWinner--------------
	0	1
	0	2
	0	3
	0	4
	0	5
	0	6
	0	7
	0	8
	0	9
	0	10
--------------Faction NoFaction Level Sort--------------
	-1	-1
	-2	-1
	-3	-1
	-4	-1
	-5	-1
	-6	-1
	-7	-1
	-8	-1
	-9	-1
	-10	-1
--------------Faction NoFaction Money Sort---------------
	0	0
	0	0
	0	0
	0	0
	0	0
	0	0
	0	0
	0	0
	0	0
	0	0
--------------Faction ShaoLin Level Sort--------------
H≠ŸTrÛc	-1	-1
	-2	-1
	-3	-1
	-4	-1
	-5	-1
	-6	-1
	-7	-1
	-8	-1
	-9	-1
	-10	-1
--------------Faction ShaoLin Money Sort---------------
H≠ŸTrÛc	219139922	0
	0	0
	0	0
	0	0
	0	0
	0	0
	0	0
	0	0
	0	0
	0	0
--------------Faction TianWang Level Sort--------------
	-1	-1
	-2	-1
	-3	-1
	-4	-1
	-5	-1
	-6	-1
	-7	-1
	-8	-1
	-9	-1
	-10	-1
--------------Faction TianWang Money Sort---------------
	0	0
	0	0
	0	0
	0	0
	0	0
	0	0
	0	0
	0	0
	0	0
	0	0
--------------Faction TangMen Level Sort--------------
ßi“nŸB∏ŸQuan	-1	-1
TrieuMan	-2	-1
	-3	-1
	-4	-1
	-5	-1
	-6	-1
	-7	-1
	-8	-1
	-9	-1
	-10	-1
--------------Faction TangMen Money Sort---------------
ßi“nŸB∏ŸQuan	129273247	0
TrieuMan	100625	0
	0	0
	0	0
	0	0
	0	0
	0	0
	0	0
	0	0
	0	0
--------------Faction WuDu Level Sort--------------
L˝ŸMπŸS«u	-1	-1
	-2	-1
	-3	-1
	-4	-1
	-5	-1
	-6	-1
	-7	-1
	-8	-1
	-9	-1
	-10	-1
--------------Faction WuDu Money Sort---------------
L˝ŸMπŸS«u	13431638	0
Buff5d	60296	0
	0	0
	0	0
	0	0
	0	0
	0	0
	0	0
	0	0
	0	0
--------------Faction EMei Level Sort--------------
NhÀmŸDoanhŸDoanh	-1	-1
	-2	-1
	-3	-1
	-4	-1
	-5	-1
	-6	-1
	-7	-1
	-8	-1
	-9	-1
	-10	-1
--------------Faction EMei Money Sort---------------
NhÀmŸDoanhŸDoanh	168150112	0
	0	0
	0	0
	0	0
	0	0
	0	0
	0	0
	0	0
	0	0
	0	0
--------------Faction CuiYan Level Sort--------------
NghiŸL©m	-1	-1
	-2	-1
	-3	-1
	-4	-1
	-5	-1
	-6	-1
	-7	-1
	-8	-1
	-9	-1
	-10	-1
--------------Faction CuiYan Money Sort---------------
NghiŸL©m	3516886	0
	0	0
	0	0
	0	0
	0	0
	0	0
	0	0
	0	0
	0	0
	0	0
--------------Faction GaiBang Level Sort--------------
Ki“uŸPhong	-1	-1
	-2	-1
	-3	-1
	-4	-1
	-5	-1
	-6	-1
	-7	-1
	-8	-1
	-9	-1
	-10	-1
--------------Faction GaiBang Money Sort---------------
Ki“uŸPhong	122539121	0
	0	0
	0	0
	0	0
	0	0
	0	0
	0	0
	0	0
	0	0
	0	0
--------------Faction TianRen Level Sort--------------
MÈcŸUy”nŸThanh	-1	-1
	-2	-1
	-3	-1
	-4	-1
	-5	-1
	-6	-1
	-7	-1
	-8	-1
	-9	-1
	-10	-1
--------------Faction TianRen Money Sort---------------
MÈcŸUy”nŸThanh	4286339	0
	0	0
	0	0
	0	0
	0	0
	0	0
	0	0
	0	0
	0	0
	0	0
--------------Faction WuDang Level Sort--------------
Th∏iŸ t	-1	-1
	-2	-1
	-3	-1
	-4	-1
	-5	-1
	-6	-1
	-7	-1
	-8	-1
	-9	-1
	-10	-1
--------------Faction WuDang Money Sort---------------
Th∏iŸ t	162561370	0
	0	0
	0	0
	0	0
	0	0
	0	0
	0	0
	0	0
	0	0
	0	0
--------------Faction KunLun Level Sort--------------
	-1	-1
	-2	-1
	-3	-1
	-4	-1
	-5	-1
	-6	-1
	-7	-1
	-8	-1
	-9	-1
	-10	-1
--------------Faction KunLun Money Sort---------------
	0	0
	0	0
	0	0
	0	0
	0	0
	0	0
	0	0
	0	0
	0	0
	0	0
--------------Camp BEGIN Level Sort--------------
	-1	-1
	-2	-1
	-3	-1
	-4	-1
	-5	-1
	-6	-1
	-7	-1
	-8	-1
	-9	-1
	-10	-1
--------------Camp BEGIN Money Sort---------------
	0	0
	0	0
	0	0
	0	0
	0	0
	0	0
	0	0
	0	0
	0	0
	0	0
--------------Camp JUSTICE Level Sort--------------
NhÀmŸDoanhŸDoanh	-1	-1
H≠ŸTrÛc	-2	-1
Ki“uŸPhong	-3	-1
Th∏iŸ t	-4	-1
	-5	-1
	-6	-1
	-7	-1
	-8	-1
	-9	-1
	-10	-1
--------------Camp JUSTICE Money Sort---------------
H≠ŸTrÛc	219139922	0
NhÀmŸDoanhŸDoanh	168150112	0
Th∏iŸ t	162561370	0
Ki“uŸPhong	122539121	0
	0	0
	0	0
	0	0
	0	0
	0	0
	0	0
--------------Camp EVIL Level Sort--------------
L˝ŸMπŸS«u	-1	-1
MÈcŸUy”nŸThanh	-2	-1
	-3	-1
	-4	-1
	-5	-1
	-6	-1
	-7	-1
	-8	-1
	-9	-1
	-10	-1
--------------Camp EVIL Money Sort---------------
L˝ŸMπŸS«u	13431638	0
MÈcŸUy”nŸThanh	4286339	0
Buff5d	60296	0
	0	0
	0	0
	0	0
	0	0
	0	0
	0	0
	0	0
--------------Camp BALANCE Level Sort--------------
ßi“nŸB∏ŸQuan	-1	-1
NghiŸL©m	-2	-1
TrieuMan	-3	-1
	-4	-1
	-5	-1
	-6	-1
	-7	-1
	-8	-1
	-9	-1
	-10	-1
--------------Camp BALANCE Money Sort---------------
ßi“nŸB∏ŸQuan	129273247	0
NghiŸL©m	3516886	0
TrieuMan	100625	0
	0	0
	0	0
	0	0
	0	0
	0	0
	0	0
	0	0
--------------Camp FREE Level Sort--------------
	-1	-1
	-2	-1
	-3	-1
	-4	-1
	-5	-1
	-6	-1
	-7	-1
	-8	-1
	-9	-1
	-10	-1
--------------Camp FREE Money Sort---------------
	0	0
	0	0
	0	0
	0	0
	0	0
	0	0
	0	0
	0	0
	0	0
	0	0
Role Number in Faction
Sect NoFaction : 0
Sect ShaoLin : 1
Sect TianWang : 0
Sect TangMen : 2
Sect WuDu : 2
Sect EMei : 1
Sect CuiYan : 1
Sect GaiBang : 1
Sect TianRen : 1
Sect WuDang : 1
Sect KunLun : 0

The Meney Top 1000 Role Rate in Faction
Sect NoFaction : 0
Sect ShaoLin : 1
Sect TianWang : 0
Sect TangMen : 2
Sect WuDu : 2
Sect EMei : 1
Sect CuiYan : 1
Sect GaiBang : 1
Sect TianRen : 1
Sect WuDang : 1
Sect KunLun : 0

The Level Top 1000 Role Rate in Faction
Sect NoFaction : 0
Sect ShaoLin : 1
Sect TianWang : 0
Sect TangMen : 2
Sect WuDu : 1
Sect EMei : 1
Sect CuiYan : 1
Sect GaiBang : 1
Sect TianRen : 1
Sect WuDang : 1
Sect KunLun : 0

Statistic count: 1
Statistic[0]: 82

[2024-08-18 06:43:59]Backup end
