[2024-07-19 03:21:52]Backup begin
==Output Finish==
Backup DataBase Finish..

===========================================================
==DataStatistics==
TotalRole: 8
ShaoLinRole: 1
TianWangRole: 0
TangMenRole: 1
WuDuRole: 1
EMeiRole: 1
CuiYanRole: 0
GaiBangRole: 1
TianRenRole: 1
WuDangRole: 1
KunLunRole: 0
BeginRole: 1
NoFactionRole: 0
------------------------------------------------
TotalMoney: 340742606.000000
ShaoLinMoney: 74524549.000000
TianWangMoney: 0.000000
TangMenMoney: 58697728.000000
WuDuMoney: 4938912.000000
EMeiMoney: 74849695.000000
CuiYanMoney: 0.000000
GaiBangMoney: 47866369.000000
TianRenMoney: 10220784.000000
WuDangMoney: 69644569.000000
KunLunMoney: 0.000000
BeginMoney: 0.000000
NoFactionMoney: 0.000000
------------------------------------------------
Distribution of The Role Level[1-200Level]: 
Level	Total role	Total TranLifeCount[0]	Total TranLifeCount[1]	Total TranLifeCount[2]	Total TranLifeCount[3]	Total TranLifeCount[4]	Total TranLifeCount[5]	Total TranLifeCount[6]	Total TranLifeCount[7]	
1Level Roles:	1	1							
127Level Roles:	1	1							
128Level Roles:	1	1							
130Level Roles:	1	1							
132Level Roles:	1	1							
135Level Roles:	2	2							
136Level Roles:	1	1							
Level ExceptionalRoles: 1, Please Try to Search 'RoleDataError' In RoleListFile
------------------------------------------------
Distribution of role's TranLifeCount
TranLifeCount[0]: 8
------------------------------------------------
TotalWllsHonor: 0
TotalEnergy: 0

===========================================================
==Role's Statistics==:
--------------Level--------------
ßi“nŸB∏ŸQuan	-1	1
NhÀmŸDoanhŸDoanh	-2	2
Th∏iŸ t	-3	3
L˝ŸMπŸS«u	-4	4
MÈcŸUy”nŸThanh	-5	5
H≠ŸTrÛc	-6	6
Ki“uŸPhong	-7	7
	-8	8
	-9	9
	-10	10
--------------Money--------------
NhÀmŸDoanhŸDoanh	74849695	0
H≠ŸTrÛc	74524549	0
Th∏iŸ t	69644569	0
ßi“nŸB∏ŸQuan	58697728	0
Ki“uŸPhong	47866369	0
MÈcŸUy”nŸThanh	10220784	0
L˝ŸMπŸS«u	4938912	0
	0	0
	0	0
	0	0
--------------Killer--------------
	0	0
	0	0
	0	0
	0	0
	0	0
	0	0
	0	0
	0	0
	0	0
	0	0
--------------Fortune--------------
NhÀmŸDoanhŸDoanh	1047	0
H≠ŸTrÛc	1043	0
Th∏iŸ t	975	0
ßi“nŸB∏ŸQuan	821	0
Ki“uŸPhong	670	0
MÈcŸUy”nŸThanh	143	0
L˝ŸMπŸS«u	69	0
	0	0
	0	0
	0	0
--------------BossKiller--------------
	0	1
	0	2
	0	3
	0	4
	0	5
	0	6
	0	7
	0	8
	0	9
	0	10
--------------LeagueWinner--------------
	0	1
	0	2
	0	3
	0	4
	0	5
	0	6
	0	7
	0	8
	0	9
	0	10
--------------Faction NoFaction Level Sort--------------
	-1	-1
	-2	-1
	-3	-1
	-4	-1
	-5	-1
	-6	-1
	-7	-1
	-8	-1
	-9	-1
	-10	-1
--------------Faction NoFaction Money Sort---------------
	0	0
	0	0
	0	0
	0	0
	0	0
	0	0
	0	0
	0	0
	0	0
	0	0
--------------Faction ShaoLin Level Sort--------------
H≠ŸTrÛc	-1	-1
	-2	-1
	-3	-1
	-4	-1
	-5	-1
	-6	-1
	-7	-1
	-8	-1
	-9	-1
	-10	-1
--------------Faction ShaoLin Money Sort---------------
H≠ŸTrÛc	74524549	0
	0	0
	0	0
	0	0
	0	0
	0	0
	0	0
	0	0
	0	0
	0	0
--------------Faction TianWang Level Sort--------------
	-1	-1
	-2	-1
	-3	-1
	-4	-1
	-5	-1
	-6	-1
	-7	-1
	-8	-1
	-9	-1
	-10	-1
--------------Faction TianWang Money Sort---------------
	0	0
	0	0
	0	0
	0	0
	0	0
	0	0
	0	0
	0	0
	0	0
	0	0
--------------Faction TangMen Level Sort--------------
ßi“nŸB∏ŸQuan	-1	-1
	-2	-1
	-3	-1
	-4	-1
	-5	-1
	-6	-1
	-7	-1
	-8	-1
	-9	-1
	-10	-1
--------------Faction TangMen Money Sort---------------
ßi“nŸB∏ŸQuan	58697728	0
	0	0
	0	0
	0	0
	0	0
	0	0
	0	0
	0	0
	0	0
	0	0
--------------Faction WuDu Level Sort--------------
L˝ŸMπŸS«u	-1	-1
	-2	-1
	-3	-1
	-4	-1
	-5	-1
	-6	-1
	-7	-1
	-8	-1
	-9	-1
	-10	-1
--------------Faction WuDu Money Sort---------------
L˝ŸMπŸS«u	4938912	0
	0	0
	0	0
	0	0
	0	0
	0	0
	0	0
	0	0
	0	0
	0	0
--------------Faction EMei Level Sort--------------
NhÀmŸDoanhŸDoanh	-1	-1
	-2	-1
	-3	-1
	-4	-1
	-5	-1
	-6	-1
	-7	-1
	-8	-1
	-9	-1
	-10	-1
--------------Faction EMei Money Sort---------------
NhÀmŸDoanhŸDoanh	74849695	0
	0	0
	0	0
	0	0
	0	0
	0	0
	0	0
	0	0
	0	0
	0	0
--------------Faction CuiYan Level Sort--------------
	-1	-1
	-2	-1
	-3	-1
	-4	-1
	-5	-1
	-6	-1
	-7	-1
	-8	-1
	-9	-1
	-10	-1
--------------Faction CuiYan Money Sort---------------
	0	0
	0	0
	0	0
	0	0
	0	0
	0	0
	0	0
	0	0
	0	0
	0	0
--------------Faction GaiBang Level Sort--------------
Ki“uŸPhong	-1	-1
	-2	-1
	-3	-1
	-4	-1
	-5	-1
	-6	-1
	-7	-1
	-8	-1
	-9	-1
	-10	-1
--------------Faction GaiBang Money Sort---------------
Ki“uŸPhong	47866369	0
	0	0
	0	0
	0	0
	0	0
	0	0
	0	0
	0	0
	0	0
	0	0
--------------Faction TianRen Level Sort--------------
MÈcŸUy”nŸThanh	-1	-1
	-2	-1
	-3	-1
	-4	-1
	-5	-1
	-6	-1
	-7	-1
	-8	-1
	-9	-1
	-10	-1
--------------Faction TianRen Money Sort---------------
MÈcŸUy”nŸThanh	10220784	0
	0	0
	0	0
	0	0
	0	0
	0	0
	0	0
	0	0
	0	0
	0	0
--------------Faction WuDang Level Sort--------------
Th∏iŸ t	-1	-1
	-2	-1
	-3	-1
	-4	-1
	-5	-1
	-6	-1
	-7	-1
	-8	-1
	-9	-1
	-10	-1
--------------Faction WuDang Money Sort---------------
Th∏iŸ t	69644569	0
	0	0
	0	0
	0	0
	0	0
	0	0
	0	0
	0	0
	0	0
	0	0
--------------Faction KunLun Level Sort--------------
	-1	-1
	-2	-1
	-3	-1
	-4	-1
	-5	-1
	-6	-1
	-7	-1
	-8	-1
	-9	-1
	-10	-1
--------------Faction KunLun Money Sort---------------
	0	0
	0	0
	0	0
	0	0
	0	0
	0	0
	0	0
	0	0
	0	0
	0	0
--------------Camp BEGIN Level Sort--------------
	-1	-1
	-2	-1
	-3	-1
	-4	-1
	-5	-1
	-6	-1
	-7	-1
	-8	-1
	-9	-1
	-10	-1
--------------Camp BEGIN Money Sort---------------
	0	0
	0	0
	0	0
	0	0
	0	0
	0	0
	0	0
	0	0
	0	0
	0	0
--------------Camp JUSTICE Level Sort--------------
NhÀmŸDoanhŸDoanh	-1	-1
Th∏iŸ t	-2	-1
H≠ŸTrÛc	-3	-1
Ki“uŸPhong	-4	-1
	-5	-1
	-6	-1
	-7	-1
	-8	-1
	-9	-1
	-10	-1
--------------Camp JUSTICE Money Sort---------------
NhÀmŸDoanhŸDoanh	74849695	0
H≠ŸTrÛc	74524549	0
Th∏iŸ t	69644569	0
Ki“uŸPhong	47866369	0
	0	0
	0	0
	0	0
	0	0
	0	0
	0	0
--------------Camp EVIL Level Sort--------------
L˝ŸMπŸS«u	-1	-1
MÈcŸUy”nŸThanh	-2	-1
	-3	-1
	-4	-1
	-5	-1
	-6	-1
	-7	-1
	-8	-1
	-9	-1
	-10	-1
--------------Camp EVIL Money Sort---------------
MÈcŸUy”nŸThanh	10220784	0
L˝ŸMπŸS«u	4938912	0
	0	0
	0	0
	0	0
	0	0
	0	0
	0	0
	0	0
	0	0
--------------Camp BALANCE Level Sort--------------
ßi“nŸB∏ŸQuan	-1	-1
	-2	-1
	-3	-1
	-4	-1
	-5	-1
	-6	-1
	-7	-1
	-8	-1
	-9	-1
	-10	-1
--------------Camp BALANCE Money Sort---------------
ßi“nŸB∏ŸQuan	58697728	0
	0	0
	0	0
	0	0
	0	0
	0	0
	0	0
	0	0
	0	0
	0	0
--------------Camp FREE Level Sort--------------
	-1	-1
	-2	-1
	-3	-1
	-4	-1
	-5	-1
	-6	-1
	-7	-1
	-8	-1
	-9	-1
	-10	-1
--------------Camp FREE Money Sort---------------
	0	0
	0	0
	0	0
	0	0
	0	0
	0	0
	0	0
	0	0
	0	0
	0	0
Role Number in Faction
Sect NoFaction : 1
Sect ShaoLin : 1
Sect TianWang : 0
Sect TangMen : 1
Sect WuDu : 1
Sect EMei : 1
Sect CuiYan : 0
Sect GaiBang : 1
Sect TianRen : 1
Sect WuDang : 1
Sect KunLun : 0

The Meney Top 1000 Role Rate in Faction
Sect NoFaction : 0
Sect ShaoLin : 1
Sect TianWang : 0
Sect TangMen : 1
Sect WuDu : 1
Sect EMei : 1
Sect CuiYan : 0
Sect GaiBang : 1
Sect TianRen : 1
Sect WuDang : 1
Sect KunLun : 0

The Level Top 1000 Role Rate in Faction
Sect NoFaction : 0
Sect ShaoLin : 1
Sect TianWang : 0
Sect TangMen : 1
Sect WuDu : 1
Sect EMei : 1
Sect CuiYan : 0
Sect GaiBang : 1
Sect TianRen : 1
Sect WuDang : 1
Sect KunLun : 0

Statistic count: 1
Statistic[0]: 34

[2024-07-19 03:21:55]Backup end
