[2024-07-27 05:22:37]Backup begin
==Output Finish==
Backup DataBase Finish..

===========================================================
==DataStatistics==
TotalRole: 11
ShaoLinRole: 1
TianWangRole: 0
TangMenRole: 3
WuDuRole: 2
EMeiRole: 2
CuiYanRole: 0
GaiBangRole: 1
TianRenRole: 1
WuDangRole: 1
KunLunRole: 0
BeginRole: 0
NoFactionRole: 0
------------------------------------------------
TotalMoney: 454580894.000000
ShaoLinMoney: 103832145.000000
TianWangMoney: 0.000000
TangMenMoney: 85340835.000000
WuDuMoney: 2113743.000000
EMeiMoney: 98822188.000000
CuiYanMoney: 0.000000
GaiBangMoney: 64094282.000000
TianRenMoney: 10708930.000000
WuDangMoney: 89668771.000000
KunLunMoney: 0.000000
BeginMoney: 0.000000
NoFactionMoney: 0.000000
------------------------------------------------
Distribution of The Role Level[1-200Level]: 
Level	Total role	Total TranLifeCount[0]	Total TranLifeCount[1]	Total TranLifeCount[2]	Total TranLifeCount[3]	Total TranLifeCount[4]	Total TranLifeCount[5]	Total TranLifeCount[6]	Total TranLifeCount[7]	
120Level Roles:	1	1							
132Level Roles:	2	2							
134Level Roles:	1	1							
135Level Roles:	1	1							
138Level Roles:	2	2							
139Level Roles:	1	1							
150Level Roles:	1	1							
200Level Roles:	2	2							
------------------------------------------------
Distribution of role's TranLifeCount
TranLifeCount[0]: 11
------------------------------------------------
TotalWllsHonor: 0
TotalEnergy: 0

===========================================================
==Role's Statistics==:
--------------Level--------------
Th∏iŸ t	-1	1
NhÀmŸDoanhŸDoanh	-2	2
ßi“nŸB∏ŸQuan	-3	3
H≠ŸTrÛc	-4	4
Ki“uŸPhong	-5	5
MÈcŸUy”nŸThanh	-6	6
L˝ŸMπŸS«u	-7	7
GameMaster	-8	8
Master	-9	9
TrieuMan	-10	10
--------------Money--------------
H≠ŸTrÛc	103832145	0
NhÀmŸDoanhŸDoanh	98822188	0
Th∏iŸ t	89668771	0
ßi“nŸB∏ŸQuan	74874999	0
Ki“uŸPhong	64094282	0
MÈcŸUy”nŸThanh	10708930	0
Master	10365211	0
L˝ŸMπŸS«u	2053447	0
TrieuMan	100625	0
Buff5d	60296	0
--------------Killer--------------
Master	1	0
Buff5d	1	0
	0	0
	0	0
	0	0
	0	0
	0	0
	0	0
	0	0
	0	0
--------------Fortune--------------
H≠ŸTrÛc	1453	0
NhÀmŸDoanhŸDoanh	1383	0
Th∏iŸ t	1255	0
ßi“nŸB∏ŸQuan	1048	0
Ki“uŸPhong	897	0
MÈcŸUy”nŸThanh	149	0
Master	145	0
L˝ŸMπŸS«u	28	0
TrieuMan	1	0
	0	0
--------------BossKiller--------------
Master	1	1
	0	2
	0	3
	0	4
	0	5
	0	6
	0	7
	0	8
	0	9
	0	10
--------------LeagueWinner--------------
	0	1
	0	2
	0	3
	0	4
	0	5
	0	6
	0	7
	0	8
	0	9
	0	10
--------------Faction NoFaction Level Sort--------------
	-1	-1
	-2	-1
	-3	-1
	-4	-1
	-5	-1
	-6	-1
	-7	-1
	-8	-1
	-9	-1
	-10	-1
--------------Faction NoFaction Money Sort---------------
	0	0
	0	0
	0	0
	0	0
	0	0
	0	0
	0	0
	0	0
	0	0
	0	0
--------------Faction ShaoLin Level Sort--------------
H≠ŸTrÛc	-1	-1
	-2	-1
	-3	-1
	-4	-1
	-5	-1
	-6	-1
	-7	-1
	-8	-1
	-9	-1
	-10	-1
--------------Faction ShaoLin Money Sort---------------
H≠ŸTrÛc	103832145	0
	0	0
	0	0
	0	0
	0	0
	0	0
	0	0
	0	0
	0	0
	0	0
--------------Faction TianWang Level Sort--------------
	-1	-1
	-2	-1
	-3	-1
	-4	-1
	-5	-1
	-6	-1
	-7	-1
	-8	-1
	-9	-1
	-10	-1
--------------Faction TianWang Money Sort---------------
	0	0
	0	0
	0	0
	0	0
	0	0
	0	0
	0	0
	0	0
	0	0
	0	0
--------------Faction TangMen Level Sort--------------
ßi“nŸB∏ŸQuan	-1	-1
Master	-2	-1
TrieuMan	-3	-1
	-4	-1
	-5	-1
	-6	-1
	-7	-1
	-8	-1
	-9	-1
	-10	-1
--------------Faction TangMen Money Sort---------------
ßi“nŸB∏ŸQuan	74874999	0
Master	10365211	0
TrieuMan	100625	0
	0	0
	0	0
	0	0
	0	0
	0	0
	0	0
	0	0
--------------Faction WuDu Level Sort--------------
L˝ŸMπŸS«u	-1	-1
	-2	-1
	-3	-1
	-4	-1
	-5	-1
	-6	-1
	-7	-1
	-8	-1
	-9	-1
	-10	-1
--------------Faction WuDu Money Sort---------------
L˝ŸMπŸS«u	2053447	0
Buff5d	60296	0
	0	0
	0	0
	0	0
	0	0
	0	0
	0	0
	0	0
	0	0
--------------Faction EMei Level Sort--------------
NhÀmŸDoanhŸDoanh	-1	-1
GameMaster	-2	-1
	-3	-1
	-4	-1
	-5	-1
	-6	-1
	-7	-1
	-8	-1
	-9	-1
	-10	-1
--------------Faction EMei Money Sort---------------
NhÀmŸDoanhŸDoanh	98822188	0
	0	0
	0	0
	0	0
	0	0
	0	0
	0	0
	0	0
	0	0
	0	0
--------------Faction CuiYan Level Sort--------------
	-1	-1
	-2	-1
	-3	-1
	-4	-1
	-5	-1
	-6	-1
	-7	-1
	-8	-1
	-9	-1
	-10	-1
--------------Faction CuiYan Money Sort---------------
	0	0
	0	0
	0	0
	0	0
	0	0
	0	0
	0	0
	0	0
	0	0
	0	0
--------------Faction GaiBang Level Sort--------------
Ki“uŸPhong	-1	-1
	-2	-1
	-3	-1
	-4	-1
	-5	-1
	-6	-1
	-7	-1
	-8	-1
	-9	-1
	-10	-1
--------------Faction GaiBang Money Sort---------------
Ki“uŸPhong	64094282	0
	0	0
	0	0
	0	0
	0	0
	0	0
	0	0
	0	0
	0	0
	0	0
--------------Faction TianRen Level Sort--------------
MÈcŸUy”nŸThanh	-1	-1
	-2	-1
	-3	-1
	-4	-1
	-5	-1
	-6	-1
	-7	-1
	-8	-1
	-9	-1
	-10	-1
--------------Faction TianRen Money Sort---------------
MÈcŸUy”nŸThanh	10708930	0
	0	0
	0	0
	0	0
	0	0
	0	0
	0	0
	0	0
	0	0
	0	0
--------------Faction WuDang Level Sort--------------
Th∏iŸ t	-1	-1
	-2	-1
	-3	-1
	-4	-1
	-5	-1
	-6	-1
	-7	-1
	-8	-1
	-9	-1
	-10	-1
--------------Faction WuDang Money Sort---------------
Th∏iŸ t	89668771	0
	0	0
	0	0
	0	0
	0	0
	0	0
	0	0
	0	0
	0	0
	0	0
--------------Faction KunLun Level Sort--------------
	-1	-1
	-2	-1
	-3	-1
	-4	-1
	-5	-1
	-6	-1
	-7	-1
	-8	-1
	-9	-1
	-10	-1
--------------Faction KunLun Money Sort---------------
	0	0
	0	0
	0	0
	0	0
	0	0
	0	0
	0	0
	0	0
	0	0
	0	0
--------------Camp BEGIN Level Sort--------------
	-1	-1
	-2	-1
	-3	-1
	-4	-1
	-5	-1
	-6	-1
	-7	-1
	-8	-1
	-9	-1
	-10	-1
--------------Camp BEGIN Money Sort---------------
	0	0
	0	0
	0	0
	0	0
	0	0
	0	0
	0	0
	0	0
	0	0
	0	0
--------------Camp JUSTICE Level Sort--------------
Th∏iŸ t	-1	-1
NhÀmŸDoanhŸDoanh	-2	-1
H≠ŸTrÛc	-3	-1
Ki“uŸPhong	-4	-1
GameMaster	-5	-1
	-6	-1
	-7	-1
	-8	-1
	-9	-1
	-10	-1
--------------Camp JUSTICE Money Sort---------------
H≠ŸTrÛc	103832145	0
NhÀmŸDoanhŸDoanh	98822188	0
Th∏iŸ t	89668771	0
Ki“uŸPhong	64094282	0
	0	0
	0	0
	0	0
	0	0
	0	0
	0	0
--------------Camp EVIL Level Sort--------------
MÈcŸUy”nŸThanh	-1	-1
L˝ŸMπŸS«u	-2	-1
	-3	-1
	-4	-1
	-5	-1
	-6	-1
	-7	-1
	-8	-1
	-9	-1
	-10	-1
--------------Camp EVIL Money Sort---------------
MÈcŸUy”nŸThanh	10708930	0
L˝ŸMπŸS«u	2053447	0
Buff5d	60296	0
	0	0
	0	0
	0	0
	0	0
	0	0
	0	0
	0	0
--------------Camp BALANCE Level Sort--------------
ßi“nŸB∏ŸQuan	-1	-1
Master	-2	-1
TrieuMan	-3	-1
	-4	-1
	-5	-1
	-6	-1
	-7	-1
	-8	-1
	-9	-1
	-10	-1
--------------Camp BALANCE Money Sort---------------
ßi“nŸB∏ŸQuan	74874999	0
Master	10365211	0
TrieuMan	100625	0
	0	0
	0	0
	0	0
	0	0
	0	0
	0	0
	0	0
--------------Camp FREE Level Sort--------------
	-1	-1
	-2	-1
	-3	-1
	-4	-1
	-5	-1
	-6	-1
	-7	-1
	-8	-1
	-9	-1
	-10	-1
--------------Camp FREE Money Sort---------------
	0	0
	0	0
	0	0
	0	0
	0	0
	0	0
	0	0
	0	0
	0	0
	0	0
Role Number in Faction
Sect NoFaction : 0
Sect ShaoLin : 1
Sect TianWang : 0
Sect TangMen : 3
Sect WuDu : 2
Sect EMei : 2
Sect CuiYan : 0
Sect GaiBang : 1
Sect TianRen : 1
Sect WuDang : 1
Sect KunLun : 0

The Meney Top 1000 Role Rate in Faction
Sect NoFaction : 0
Sect ShaoLin : 1
Sect TianWang : 0
Sect TangMen : 3
Sect WuDu : 2
Sect EMei : 1
Sect CuiYan : 0
Sect GaiBang : 1
Sect TianRen : 1
Sect WuDang : 1
Sect KunLun : 0

The Level Top 1000 Role Rate in Faction
Sect NoFaction : 0
Sect ShaoLin : 1
Sect TianWang : 0
Sect TangMen : 3
Sect WuDu : 1
Sect EMei : 2
Sect CuiYan : 0
Sect GaiBang : 1
Sect TianRen : 1
Sect WuDang : 1
Sect KunLun : 0

Statistic count: 1
Statistic[0]: 45

[2024-07-27 05:22:40]Backup end
