[2024-09-11 13:24:33]Backup begin
==Output Finish==
Backup DataBase Finish..

===========================================================
==DataStatistics==
TotalRole: 9
ShaoLinRole: 1
TianWangRole: 0
TangMenRole: 1
WuDuRole: 1
EMeiRole: 1
CuiYanRole: 1
GaiBangRole: 1
TianRenRole: 1
WuDangRole: 1
KunLunRole: 1
BeginRole: 0
NoFactionRole: 0
------------------------------------------------
TotalMoney: 2357113653.000000
ShaoLinMoney: 899759381.000000
TianWangMoney: 0.000000
TangMenMoney: 105745519.000000
WuDuMoney: 990103618.000000
EMeiMoney: 128497368.000000
CuiYanMoney: 192.000000
GaiBangMoney: 94846587.000000
TianRenMoney: 6442037.000000
WuDangMoney: 130694839.000000
KunLunMoney: 1024112.000000
BeginMoney: 0.000000
NoFactionMoney: 0.000000
------------------------------------------------
Distribution of The Role Level[1-200Level]: 
Level	Total role	Total TranLifeCount[0]	Total TranLifeCount[1]	Total TranLifeCount[2]	Total TranLifeCount[3]	Total TranLifeCount[4]	Total TranLifeCount[5]	Total TranLifeCount[6]	Total TranLifeCount[7]	
120Level Roles:	2	2							
135Level Roles:	1	1							
138Level Roles:	1	1							
140Level Roles:	1	1							
141Level Roles:	1	1							
143Level Roles:	2	2							
144Level Roles:	1	1							
------------------------------------------------
Distribution of role's TranLifeCount
TranLifeCount[0]: 9
------------------------------------------------
TotalWllsHonor: 0
TotalEnergy: 0

===========================================================
==Role's Statistics==:
--------------Level--------------
H≠ŸTrÛc	-1	1
ßi“nŸB∏ŸQuan	-2	2
Th∏iŸ t	-3	3
MÈcŸUy”nŸThanh	-4	4
Ki“uŸPhong	-5	5
NhÀmŸDoanhŸDoanh	-6	6
L˝ŸMπŸS«u	-7	7
Ti”uŸLongŸN˜	-8	8
NghiŸL©m	-9	9
	-10	10
--------------Money--------------
L˝ŸMπŸS«u	990103618	0
H≠ŸTrÛc	899759381	0
Th∏iŸ t	130694839	0
NhÀmŸDoanhŸDoanh	128497368	0
ßi“nŸB∏ŸQuan	105745519	0
Ki“uŸPhong	94846587	0
MÈcŸUy”nŸThanh	6442037	0
Ti”uŸLongŸN˜	1024112	0
NghiŸL©m	192	0
	0	0
--------------Killer--------------
	0	0
	0	0
	0	0
	0	0
	0	0
	0	0
	0	0
	0	0
	0	0
	0	0
--------------Fortune--------------
L˝ŸMπŸS«u	13861	0
H≠ŸTrÛc	12596	0
Th∏iŸ t	1829	0
NhÀmŸDoanhŸDoanh	1798	0
ßi“nŸB∏ŸQuan	1480	0
Ki“uŸPhong	1327	0
MÈcŸUy”nŸThanh	90	0
Ti”uŸLongŸN˜	14	0
	0	0
	0	0
--------------BossKiller--------------
	0	1
	0	2
	0	3
	0	4
	0	5
	0	6
	0	7
	0	8
	0	9
	0	10
--------------LeagueWinner--------------
	0	1
	0	2
	0	3
	0	4
	0	5
	0	6
	0	7
	0	8
	0	9
	0	10
--------------Faction NoFaction Level Sort--------------
	-1	-1
	-2	-1
	-3	-1
	-4	-1
	-5	-1
	-6	-1
	-7	-1
	-8	-1
	-9	-1
	-10	-1
--------------Faction NoFaction Money Sort---------------
	0	0
	0	0
	0	0
	0	0
	0	0
	0	0
	0	0
	0	0
	0	0
	0	0
--------------Faction ShaoLin Level Sort--------------
H≠ŸTrÛc	-1	-1
	-2	-1
	-3	-1
	-4	-1
	-5	-1
	-6	-1
	-7	-1
	-8	-1
	-9	-1
	-10	-1
--------------Faction ShaoLin Money Sort---------------
H≠ŸTrÛc	899759381	0
	0	0
	0	0
	0	0
	0	0
	0	0
	0	0
	0	0
	0	0
	0	0
--------------Faction TianWang Level Sort--------------
	-1	-1
	-2	-1
	-3	-1
	-4	-1
	-5	-1
	-6	-1
	-7	-1
	-8	-1
	-9	-1
	-10	-1
--------------Faction TianWang Money Sort---------------
	0	0
	0	0
	0	0
	0	0
	0	0
	0	0
	0	0
	0	0
	0	0
	0	0
--------------Faction TangMen Level Sort--------------
ßi“nŸB∏ŸQuan	-1	-1
	-2	-1
	-3	-1
	-4	-1
	-5	-1
	-6	-1
	-7	-1
	-8	-1
	-9	-1
	-10	-1
--------------Faction TangMen Money Sort---------------
ßi“nŸB∏ŸQuan	105745519	0
	0	0
	0	0
	0	0
	0	0
	0	0
	0	0
	0	0
	0	0
	0	0
--------------Faction WuDu Level Sort--------------
L˝ŸMπŸS«u	-1	-1
	-2	-1
	-3	-1
	-4	-1
	-5	-1
	-6	-1
	-7	-1
	-8	-1
	-9	-1
	-10	-1
--------------Faction WuDu Money Sort---------------
L˝ŸMπŸS«u	990103618	0
	0	0
	0	0
	0	0
	0	0
	0	0
	0	0
	0	0
	0	0
	0	0
--------------Faction EMei Level Sort--------------
NhÀmŸDoanhŸDoanh	-1	-1
	-2	-1
	-3	-1
	-4	-1
	-5	-1
	-6	-1
	-7	-1
	-8	-1
	-9	-1
	-10	-1
--------------Faction EMei Money Sort---------------
NhÀmŸDoanhŸDoanh	128497368	0
	0	0
	0	0
	0	0
	0	0
	0	0
	0	0
	0	0
	0	0
	0	0
--------------Faction CuiYan Level Sort--------------
NghiŸL©m	-1	-1
	-2	-1
	-3	-1
	-4	-1
	-5	-1
	-6	-1
	-7	-1
	-8	-1
	-9	-1
	-10	-1
--------------Faction CuiYan Money Sort---------------
NghiŸL©m	192	0
	0	0
	0	0
	0	0
	0	0
	0	0
	0	0
	0	0
	0	0
	0	0
--------------Faction GaiBang Level Sort--------------
Ki“uŸPhong	-1	-1
	-2	-1
	-3	-1
	-4	-1
	-5	-1
	-6	-1
	-7	-1
	-8	-1
	-9	-1
	-10	-1
--------------Faction GaiBang Money Sort---------------
Ki“uŸPhong	94846587	0
	0	0
	0	0
	0	0
	0	0
	0	0
	0	0
	0	0
	0	0
	0	0
--------------Faction TianRen Level Sort--------------
MÈcŸUy”nŸThanh	-1	-1
	-2	-1
	-3	-1
	-4	-1
	-5	-1
	-6	-1
	-7	-1
	-8	-1
	-9	-1
	-10	-1
--------------Faction TianRen Money Sort---------------
MÈcŸUy”nŸThanh	6442037	0
	0	0
	0	0
	0	0
	0	0
	0	0
	0	0
	0	0
	0	0
	0	0
--------------Faction WuDang Level Sort--------------
Th∏iŸ t	-1	-1
	-2	-1
	-3	-1
	-4	-1
	-5	-1
	-6	-1
	-7	-1
	-8	-1
	-9	-1
	-10	-1
--------------Faction WuDang Money Sort---------------
Th∏iŸ t	130694839	0
	0	0
	0	0
	0	0
	0	0
	0	0
	0	0
	0	0
	0	0
	0	0
--------------Faction KunLun Level Sort--------------
Ti”uŸLongŸN˜	-1	-1
	-2	-1
	-3	-1
	-4	-1
	-5	-1
	-6	-1
	-7	-1
	-8	-1
	-9	-1
	-10	-1
--------------Faction KunLun Money Sort---------------
Ti”uŸLongŸN˜	1024112	0
	0	0
	0	0
	0	0
	0	0
	0	0
	0	0
	0	0
	0	0
	0	0
--------------Camp BEGIN Level Sort--------------
	-1	-1
	-2	-1
	-3	-1
	-4	-1
	-5	-1
	-6	-1
	-7	-1
	-8	-1
	-9	-1
	-10	-1
--------------Camp BEGIN Money Sort---------------
	0	0
	0	0
	0	0
	0	0
	0	0
	0	0
	0	0
	0	0
	0	0
	0	0
--------------Camp JUSTICE Level Sort--------------
	-1	-1
	-2	-1
	-3	-1
	-4	-1
	-5	-1
	-6	-1
	-7	-1
	-8	-1
	-9	-1
	-10	-1
--------------Camp JUSTICE Money Sort---------------
	0	0
	0	0
	0	0
	0	0
	0	0
	0	0
	0	0
	0	0
	0	0
	0	0
--------------Camp EVIL Level Sort--------------
	-1	-1
	-2	-1
	-3	-1
	-4	-1
	-5	-1
	-6	-1
	-7	-1
	-8	-1
	-9	-1
	-10	-1
--------------Camp EVIL Money Sort---------------
	0	0
	0	0
	0	0
	0	0
	0	0
	0	0
	0	0
	0	0
	0	0
	0	0
--------------Camp BALANCE Level Sort--------------
H≠ŸTrÛc	-1	-1
ßi“nŸB∏ŸQuan	-2	-1
Th∏iŸ t	-3	-1
MÈcŸUy”nŸThanh	-4	-1
Ki“uŸPhong	-5	-1
NhÀmŸDoanhŸDoanh	-6	-1
L˝ŸMπŸS«u	-7	-1
Ti”uŸLongŸN˜	-8	-1
NghiŸL©m	-9	-1
	-10	-1
--------------Camp BALANCE Money Sort---------------
L˝ŸMπŸS«u	990103618	0
H≠ŸTrÛc	899759381	0
Th∏iŸ t	130694839	0
NhÀmŸDoanhŸDoanh	128497368	0
ßi“nŸB∏ŸQuan	105745519	0
Ki“uŸPhong	94846587	0
MÈcŸUy”nŸThanh	6442037	0
Ti”uŸLongŸN˜	1024112	0
NghiŸL©m	192	0
	0	0
--------------Camp FREE Level Sort--------------
	-1	-1
	-2	-1
	-3	-1
	-4	-1
	-5	-1
	-6	-1
	-7	-1
	-8	-1
	-9	-1
	-10	-1
--------------Camp FREE Money Sort---------------
	0	0
	0	0
	0	0
	0	0
	0	0
	0	0
	0	0
	0	0
	0	0
	0	0
Role Number in Faction
Sect NoFaction : 0
Sect ShaoLin : 1
Sect TianWang : 0
Sect TangMen : 1
Sect WuDu : 1
Sect EMei : 1
Sect CuiYan : 1
Sect GaiBang : 1
Sect TianRen : 1
Sect WuDang : 1
Sect KunLun : 1

The Meney Top 1000 Role Rate in Faction
Sect NoFaction : 0
Sect ShaoLin : 1
Sect TianWang : 0
Sect TangMen : 1
Sect WuDu : 1
Sect EMei : 1
Sect CuiYan : 1
Sect GaiBang : 1
Sect TianRen : 1
Sect WuDang : 1
Sect KunLun : 1

The Level Top 1000 Role Rate in Faction
Sect NoFaction : 0
Sect ShaoLin : 1
Sect TianWang : 0
Sect TangMen : 1
Sect WuDu : 1
Sect EMei : 1
Sect CuiYan : 1
Sect GaiBang : 1
Sect TianRen : 1
Sect WuDang : 1
Sect KunLun : 1

Statistic count: 1
Statistic[0]: 235

[2024-09-11 13:24:36]Backup end
