[2024-09-21 22:40:24]Backup begin
==Output Finish==
Backup DataBase Finish..

===========================================================
==DataStatistics==
TotalRole: 10
ShaoLinRole: 1
TianWangRole: 1
TangMenRole: 1
WuDuRole: 1
EMeiRole: 1
CuiYanRole: 1
GaiBangRole: 1
TianRenRole: 1
WuDangRole: 1
KunLunRole: 1
BeginRole: 0
NoFactionRole: 0
------------------------------------------------
TotalMoney: 2531959033.000000
ShaoLinMoney: 946453109.000000
TianWangMoney: 19304819.000000
TangMenMoney: 119141122.000000
WuDuMoney: 952832190.000000
EMeiMoney: 155894103.000000
CuiYanMoney: 63.000000
GaiBangMoney: 105348667.000000
TianRenMoney: 11112438.000000
WuDangMoney: 153392045.000000
KunLunMoney: 68480477.000000
BeginMoney: 0.000000
NoFactionMoney: 0.000000
------------------------------------------------
Distribution of The Role Level[1-200Level]: 
Level	Total role	Total TranLifeCount[0]	Total TranLifeCount[1]	Total TranLifeCount[2]	Total TranLifeCount[3]	Total TranLifeCount[4]	Total TranLifeCount[5]	Total TranLifeCount[6]	Total TranLifeCount[7]	
122Level Roles:	1	1							
123Level Roles:	1	1							
125Level Roles:	1	1							
138Level Roles:	1	1							
141Level Roles:	1	1							
143Level Roles:	2	2							
145Level Roles:	1	1							
146Level Roles:	2	2							
------------------------------------------------
Distribution of role's TranLifeCount
TranLifeCount[0]: 10
------------------------------------------------
TotalWllsHonor: 0
TotalEnergy: 0

===========================================================
==Role's Statistics==:
--------------Level--------------
Th∏iŸ t	-1	1
Ki“uŸPhong	-2	2
NhÀmŸDoanhŸDoanh	-3	3
MÈcŸUy”nŸThanh	-4	4
L˝ŸMπŸS«u	-5	5
H≠ŸTrÛc	-6	6
ßi“nŸB∏ŸQuan	-7	7
Tr≠¨ngŸTamŸPhong	-8	8
NghiŸL©m	-9	9
Ti”uŸLongŸN˜	-10	10
--------------Money--------------
L˝ŸMπŸS«u	952832190	0
H≠ŸTrÛc	946453109	0
NhÀmŸDoanhŸDoanh	155894103	0
Th∏iŸ t	153392045	0
ßi“nŸB∏ŸQuan	119141122	0
Ki“uŸPhong	105348667	0
Ti”uŸLongŸN˜	68480477	0
Tr≠¨ngŸTamŸPhong	19304819	0
MÈcŸUy”nŸThanh	11112438	0
NghiŸL©m	63	0
--------------Killer--------------
	0	0
	0	0
	0	0
	0	0
	0	0
	0	0
	0	0
	0	0
	0	0
	0	0
--------------Fortune--------------
L˝ŸMπŸS«u	13339	0
H≠ŸTrÛc	13250	0
NhÀmŸDoanhŸDoanh	2182	0
Th∏iŸ t	2147	0
ßi“nŸB∏ŸQuan	1667	0
Ki“uŸPhong	1474	0
Ti”uŸLongŸN˜	958	0
Tr≠¨ngŸTamŸPhong	270	0
MÈcŸUy”nŸThanh	155	0
	0	0
--------------BossKiller--------------
	0	1
	0	2
	0	3
	0	4
	0	5
	0	6
	0	7
	0	8
	0	9
	0	10
--------------LeagueWinner--------------
	0	1
	0	2
	0	3
	0	4
	0	5
	0	6
	0	7
	0	8
	0	9
	0	10
--------------Faction NoFaction Level Sort--------------
	-1	-1
	-2	-1
	-3	-1
	-4	-1
	-5	-1
	-6	-1
	-7	-1
	-8	-1
	-9	-1
	-10	-1
--------------Faction NoFaction Money Sort---------------
	0	0
	0	0
	0	0
	0	0
	0	0
	0	0
	0	0
	0	0
	0	0
	0	0
--------------Faction ShaoLin Level Sort--------------
H≠ŸTrÛc	-1	-1
	-2	-1
	-3	-1
	-4	-1
	-5	-1
	-6	-1
	-7	-1
	-8	-1
	-9	-1
	-10	-1
--------------Faction ShaoLin Money Sort---------------
H≠ŸTrÛc	946453109	0
	0	0
	0	0
	0	0
	0	0
	0	0
	0	0
	0	0
	0	0
	0	0
--------------Faction TianWang Level Sort--------------
Tr≠¨ngŸTamŸPhong	-1	-1
	-2	-1
	-3	-1
	-4	-1
	-5	-1
	-6	-1
	-7	-1
	-8	-1
	-9	-1
	-10	-1
--------------Faction TianWang Money Sort---------------
Tr≠¨ngŸTamŸPhong	19304819	0
	0	0
	0	0
	0	0
	0	0
	0	0
	0	0
	0	0
	0	0
	0	0
--------------Faction TangMen Level Sort--------------
ßi“nŸB∏ŸQuan	-1	-1
	-2	-1
	-3	-1
	-4	-1
	-5	-1
	-6	-1
	-7	-1
	-8	-1
	-9	-1
	-10	-1
--------------Faction TangMen Money Sort---------------
ßi“nŸB∏ŸQuan	119141122	0
	0	0
	0	0
	0	0
	0	0
	0	0
	0	0
	0	0
	0	0
	0	0
--------------Faction WuDu Level Sort--------------
L˝ŸMπŸS«u	-1	-1
	-2	-1
	-3	-1
	-4	-1
	-5	-1
	-6	-1
	-7	-1
	-8	-1
	-9	-1
	-10	-1
--------------Faction WuDu Money Sort---------------
L˝ŸMπŸS«u	952832190	0
	0	0
	0	0
	0	0
	0	0
	0	0
	0	0
	0	0
	0	0
	0	0
--------------Faction EMei Level Sort--------------
NhÀmŸDoanhŸDoanh	-1	-1
	-2	-1
	-3	-1
	-4	-1
	-5	-1
	-6	-1
	-7	-1
	-8	-1
	-9	-1
	-10	-1
--------------Faction EMei Money Sort---------------
NhÀmŸDoanhŸDoanh	155894103	0
	0	0
	0	0
	0	0
	0	0
	0	0
	0	0
	0	0
	0	0
	0	0
--------------Faction CuiYan Level Sort--------------
NghiŸL©m	-1	-1
	-2	-1
	-3	-1
	-4	-1
	-5	-1
	-6	-1
	-7	-1
	-8	-1
	-9	-1
	-10	-1
--------------Faction CuiYan Money Sort---------------
NghiŸL©m	63	0
	0	0
	0	0
	0	0
	0	0
	0	0
	0	0
	0	0
	0	0
	0	0
--------------Faction GaiBang Level Sort--------------
Ki“uŸPhong	-1	-1
	-2	-1
	-3	-1
	-4	-1
	-5	-1
	-6	-1
	-7	-1
	-8	-1
	-9	-1
	-10	-1
--------------Faction GaiBang Money Sort---------------
Ki“uŸPhong	105348667	0
	0	0
	0	0
	0	0
	0	0
	0	0
	0	0
	0	0
	0	0
	0	0
--------------Faction TianRen Level Sort--------------
MÈcŸUy”nŸThanh	-1	-1
	-2	-1
	-3	-1
	-4	-1
	-5	-1
	-6	-1
	-7	-1
	-8	-1
	-9	-1
	-10	-1
--------------Faction TianRen Money Sort---------------
MÈcŸUy”nŸThanh	11112438	0
	0	0
	0	0
	0	0
	0	0
	0	0
	0	0
	0	0
	0	0
	0	0
--------------Faction WuDang Level Sort--------------
Th∏iŸ t	-1	-1
	-2	-1
	-3	-1
	-4	-1
	-5	-1
	-6	-1
	-7	-1
	-8	-1
	-9	-1
	-10	-1
--------------Faction WuDang Money Sort---------------
Th∏iŸ t	153392045	0
	0	0
	0	0
	0	0
	0	0
	0	0
	0	0
	0	0
	0	0
	0	0
--------------Faction KunLun Level Sort--------------
Ti”uŸLongŸN˜	-1	-1
	-2	-1
	-3	-1
	-4	-1
	-5	-1
	-6	-1
	-7	-1
	-8	-1
	-9	-1
	-10	-1
--------------Faction KunLun Money Sort---------------
Ti”uŸLongŸN˜	68480477	0
	0	0
	0	0
	0	0
	0	0
	0	0
	0	0
	0	0
	0	0
	0	0
--------------Camp BEGIN Level Sort--------------
	-1	-1
	-2	-1
	-3	-1
	-4	-1
	-5	-1
	-6	-1
	-7	-1
	-8	-1
	-9	-1
	-10	-1
--------------Camp BEGIN Money Sort---------------
	0	0
	0	0
	0	0
	0	0
	0	0
	0	0
	0	0
	0	0
	0	0
	0	0
--------------Camp JUSTICE Level Sort--------------
	-1	-1
	-2	-1
	-3	-1
	-4	-1
	-5	-1
	-6	-1
	-7	-1
	-8	-1
	-9	-1
	-10	-1
--------------Camp JUSTICE Money Sort---------------
	0	0
	0	0
	0	0
	0	0
	0	0
	0	0
	0	0
	0	0
	0	0
	0	0
--------------Camp EVIL Level Sort--------------
	-1	-1
	-2	-1
	-3	-1
	-4	-1
	-5	-1
	-6	-1
	-7	-1
	-8	-1
	-9	-1
	-10	-1
--------------Camp EVIL Money Sort---------------
	0	0
	0	0
	0	0
	0	0
	0	0
	0	0
	0	0
	0	0
	0	0
	0	0
--------------Camp BALANCE Level Sort--------------
Th∏iŸ t	-1	-1
Ki“uŸPhong	-2	-1
NhÀmŸDoanhŸDoanh	-3	-1
MÈcŸUy”nŸThanh	-4	-1
L˝ŸMπŸS«u	-5	-1
H≠ŸTrÛc	-6	-1
ßi“nŸB∏ŸQuan	-7	-1
Tr≠¨ngŸTamŸPhong	-8	-1
NghiŸL©m	-9	-1
Ti”uŸLongŸN˜	-10	-1
--------------Camp BALANCE Money Sort---------------
L˝ŸMπŸS«u	952832190	0
H≠ŸTrÛc	946453109	0
NhÀmŸDoanhŸDoanh	155894103	0
Th∏iŸ t	153392045	0
ßi“nŸB∏ŸQuan	119141122	0
Ki“uŸPhong	105348667	0
Ti”uŸLongŸN˜	68480477	0
Tr≠¨ngŸTamŸPhong	19304819	0
MÈcŸUy”nŸThanh	11112438	0
NghiŸL©m	63	0
--------------Camp FREE Level Sort--------------
	-1	-1
	-2	-1
	-3	-1
	-4	-1
	-5	-1
	-6	-1
	-7	-1
	-8	-1
	-9	-1
	-10	-1
--------------Camp FREE Money Sort---------------
	0	0
	0	0
	0	0
	0	0
	0	0
	0	0
	0	0
	0	0
	0	0
	0	0
Role Number in Faction
Sect NoFaction : 0
Sect ShaoLin : 1
Sect TianWang : 1
Sect TangMen : 1
Sect WuDu : 1
Sect EMei : 1
Sect CuiYan : 1
Sect GaiBang : 1
Sect TianRen : 1
Sect WuDang : 1
Sect KunLun : 1

The Meney Top 1000 Role Rate in Faction
Sect NoFaction : 0
Sect ShaoLin : 1
Sect TianWang : 1
Sect TangMen : 1
Sect WuDu : 1
Sect EMei : 1
Sect CuiYan : 1
Sect GaiBang : 1
Sect TianRen : 1
Sect WuDang : 1
Sect KunLun : 1

The Level Top 1000 Role Rate in Faction
Sect NoFaction : 0
Sect ShaoLin : 1
Sect TianWang : 1
Sect TangMen : 1
Sect WuDu : 1
Sect EMei : 1
Sect CuiYan : 1
Sect GaiBang : 1
Sect TianRen : 1
Sect WuDang : 1
Sect KunLun : 1

Statistic count: 1
Statistic[0]: 253

[2024-09-21 22:40:27]Backup end
