[2025-03-24 21:52:42]Backup begin
==Output Finish==
Backup DataBase Finish..

===========================================================
==DataStatistics==
TotalRole: 10
ShaoLinRole: 1
TianWangRole: 1
TangMenRole: 1
WuDuRole: 1
EMeiRole: 1
CuiYanRole: 1
GaiBangRole: 1
TianRenRole: 1
WuDangRole: 1
KunLunRole: 1
BeginRole: 0
NoFactionRole: 0
------------------------------------------------
TotalMoney: 3123586011.000000
ShaoLinMoney: 1139494974.000000
TianWangMoney: 86890455.000000
TangMenMoney: 195987450.000000
WuDuMoney: 908343362.000000
EMeiMoney: 274149157.000000
CuiYanMoney: 76176554.000000
GaiBangMoney: 149218582.000000
TianRenMoney: 12555022.000000
WuDangMoney: 280770408.000000
KunLunMoney: 47.000000
BeginMoney: 0.000000
NoFactionMoney: 0.000000
------------------------------------------------
Distribution of The Role Level[1-200Level]: 
Level	Total role	Total TranLifeCount[0]	Total TranLifeCount[1]	Total TranLifeCount[2]	Total TranLifeCount[3]	Total TranLifeCount[4]	Total TranLifeCount[5]	Total TranLifeCount[6]	Total TranLifeCount[7]	
134Level Roles:	1	1							
138Level Roles:	1	1							
140Level Roles:	1	1							
147Level Roles:	1	1							
148Level Roles:	1	1							
149Level Roles:	1	1							
150Level Roles:	1	1							
151Level Roles:	1	1							
152Level Roles:	2	2							
------------------------------------------------
Distribution of role's TranLifeCount
TranLifeCount[0]: 10
------------------------------------------------
TotalWllsHonor: 0
TotalEnergy: 0

===========================================================
==Role's Statistics==:
--------------Level--------------
ßi“nŸB∏ŸQuan	-1	1
Th∏iŸ t	-2	2
H≠ŸTrÛc	-3	3
NhÀmŸDoanhŸDoanh	-4	4
Tr≠¨ngŸTamŸPhong	-5	5
Ki“uŸPhong	-6	6
L˝ŸMπŸS«u	-7	7
Ti”uŸLongŸN˜	-8	8
MÈcŸUy”nŸThanh	-9	9
NghiŸL©m	-10	10
--------------Money--------------
H≠ŸTrÛc	1139494974	0
L˝ŸMπŸS«u	908343362	0
Th∏iŸ t	280770408	0
NhÀmŸDoanhŸDoanh	274149157	0
ßi“nŸB∏ŸQuan	195987450	0
Ki“uŸPhong	149218582	0
Tr≠¨ngŸTamŸPhong	86890455	0
NghiŸL©m	76176554	0
MÈcŸUy”nŸThanh	12555022	0
Ti”uŸLongŸN˜	47	0
--------------Killer--------------
	0	0
	0	0
	0	0
	0	0
	0	0
	0	0
	0	0
	0	0
	0	0
	0	0
--------------Fortune--------------
H≠ŸTrÛc	15952	0
L˝ŸMπŸS«u	12716	0
Th∏iŸ t	3930	0
NhÀmŸDoanhŸDoanh	3838	0
ßi“nŸB∏ŸQuan	2743	0
Ki“uŸPhong	2089	0
Tr≠¨ngŸTamŸPhong	1216	0
NghiŸL©m	1066	0
MÈcŸUy”nŸThanh	175	0
	0	0
--------------BossKiller--------------
	0	1
	0	2
	0	3
	0	4
	0	5
	0	6
	0	7
	0	8
	0	9
	0	10
--------------LeagueWinner--------------
	0	1
	0	2
	0	3
	0	4
	0	5
	0	6
	0	7
	0	8
	0	9
	0	10
--------------Faction NoFaction Level Sort--------------
	-1	-1
	-2	-1
	-3	-1
	-4	-1
	-5	-1
	-6	-1
	-7	-1
	-8	-1
	-9	-1
	-10	-1
--------------Faction NoFaction Money Sort---------------
	0	0
	0	0
	0	0
	0	0
	0	0
	0	0
	0	0
	0	0
	0	0
	0	0
--------------Faction ShaoLin Level Sort--------------
H≠ŸTrÛc	-1	-1
	-2	-1
	-3	-1
	-4	-1
	-5	-1
	-6	-1
	-7	-1
	-8	-1
	-9	-1
	-10	-1
--------------Faction ShaoLin Money Sort---------------
H≠ŸTrÛc	1139494974	0
	0	0
	0	0
	0	0
	0	0
	0	0
	0	0
	0	0
	0	0
	0	0
--------------Faction TianWang Level Sort--------------
Tr≠¨ngŸTamŸPhong	-1	-1
	-2	-1
	-3	-1
	-4	-1
	-5	-1
	-6	-1
	-7	-1
	-8	-1
	-9	-1
	-10	-1
--------------Faction TianWang Money Sort---------------
Tr≠¨ngŸTamŸPhong	86890455	0
	0	0
	0	0
	0	0
	0	0
	0	0
	0	0
	0	0
	0	0
	0	0
--------------Faction TangMen Level Sort--------------
ßi“nŸB∏ŸQuan	-1	-1
	-2	-1
	-3	-1
	-4	-1
	-5	-1
	-6	-1
	-7	-1
	-8	-1
	-9	-1
	-10	-1
--------------Faction TangMen Money Sort---------------
ßi“nŸB∏ŸQuan	195987450	0
	0	0
	0	0
	0	0
	0	0
	0	0
	0	0
	0	0
	0	0
	0	0
--------------Faction WuDu Level Sort--------------
L˝ŸMπŸS«u	-1	-1
	-2	-1
	-3	-1
	-4	-1
	-5	-1
	-6	-1
	-7	-1
	-8	-1
	-9	-1
	-10	-1
--------------Faction WuDu Money Sort---------------
L˝ŸMπŸS«u	908343362	0
	0	0
	0	0
	0	0
	0	0
	0	0
	0	0
	0	0
	0	0
	0	0
--------------Faction EMei Level Sort--------------
NhÀmŸDoanhŸDoanh	-1	-1
	-2	-1
	-3	-1
	-4	-1
	-5	-1
	-6	-1
	-7	-1
	-8	-1
	-9	-1
	-10	-1
--------------Faction EMei Money Sort---------------
NhÀmŸDoanhŸDoanh	274149157	0
	0	0
	0	0
	0	0
	0	0
	0	0
	0	0
	0	0
	0	0
	0	0
--------------Faction CuiYan Level Sort--------------
NghiŸL©m	-1	-1
	-2	-1
	-3	-1
	-4	-1
	-5	-1
	-6	-1
	-7	-1
	-8	-1
	-9	-1
	-10	-1
--------------Faction CuiYan Money Sort---------------
NghiŸL©m	76176554	0
	0	0
	0	0
	0	0
	0	0
	0	0
	0	0
	0	0
	0	0
	0	0
--------------Faction GaiBang Level Sort--------------
Ki“uŸPhong	-1	-1
	-2	-1
	-3	-1
	-4	-1
	-5	-1
	-6	-1
	-7	-1
	-8	-1
	-9	-1
	-10	-1
--------------Faction GaiBang Money Sort---------------
Ki“uŸPhong	149218582	0
	0	0
	0	0
	0	0
	0	0
	0	0
	0	0
	0	0
	0	0
	0	0
--------------Faction TianRen Level Sort--------------
MÈcŸUy”nŸThanh	-1	-1
	-2	-1
	-3	-1
	-4	-1
	-5	-1
	-6	-1
	-7	-1
	-8	-1
	-9	-1
	-10	-1
--------------Faction TianRen Money Sort---------------
MÈcŸUy”nŸThanh	12555022	0
	0	0
	0	0
	0	0
	0	0
	0	0
	0	0
	0	0
	0	0
	0	0
--------------Faction WuDang Level Sort--------------
Th∏iŸ t	-1	-1
	-2	-1
	-3	-1
	-4	-1
	-5	-1
	-6	-1
	-7	-1
	-8	-1
	-9	-1
	-10	-1
--------------Faction WuDang Money Sort---------------
Th∏iŸ t	280770408	0
	0	0
	0	0
	0	0
	0	0
	0	0
	0	0
	0	0
	0	0
	0	0
--------------Faction KunLun Level Sort--------------
Ti”uŸLongŸN˜	-1	-1
	-2	-1
	-3	-1
	-4	-1
	-5	-1
	-6	-1
	-7	-1
	-8	-1
	-9	-1
	-10	-1
--------------Faction KunLun Money Sort---------------
Ti”uŸLongŸN˜	47	0
	0	0
	0	0
	0	0
	0	0
	0	0
	0	0
	0	0
	0	0
	0	0
--------------Camp BEGIN Level Sort--------------
	-1	-1
	-2	-1
	-3	-1
	-4	-1
	-5	-1
	-6	-1
	-7	-1
	-8	-1
	-9	-1
	-10	-1
--------------Camp BEGIN Money Sort---------------
	0	0
	0	0
	0	0
	0	0
	0	0
	0	0
	0	0
	0	0
	0	0
	0	0
--------------Camp JUSTICE Level Sort--------------
	-1	-1
	-2	-1
	-3	-1
	-4	-1
	-5	-1
	-6	-1
	-7	-1
	-8	-1
	-9	-1
	-10	-1
--------------Camp JUSTICE Money Sort---------------
	0	0
	0	0
	0	0
	0	0
	0	0
	0	0
	0	0
	0	0
	0	0
	0	0
--------------Camp EVIL Level Sort--------------
	-1	-1
	-2	-1
	-3	-1
	-4	-1
	-5	-1
	-6	-1
	-7	-1
	-8	-1
	-9	-1
	-10	-1
--------------Camp EVIL Money Sort---------------
	0	0
	0	0
	0	0
	0	0
	0	0
	0	0
	0	0
	0	0
	0	0
	0	0
--------------Camp BALANCE Level Sort--------------
ßi“nŸB∏ŸQuan	-1	-1
Th∏iŸ t	-2	-1
H≠ŸTrÛc	-3	-1
NhÀmŸDoanhŸDoanh	-4	-1
Tr≠¨ngŸTamŸPhong	-5	-1
Ki“uŸPhong	-6	-1
L˝ŸMπŸS«u	-7	-1
Ti”uŸLongŸN˜	-8	-1
MÈcŸUy”nŸThanh	-9	-1
NghiŸL©m	-10	-1
--------------Camp BALANCE Money Sort---------------
H≠ŸTrÛc	1139494974	0
L˝ŸMπŸS«u	908343362	0
Th∏iŸ t	280770408	0
NhÀmŸDoanhŸDoanh	274149157	0
ßi“nŸB∏ŸQuan	195987450	0
Ki“uŸPhong	149218582	0
Tr≠¨ngŸTamŸPhong	86890455	0
NghiŸL©m	76176554	0
MÈcŸUy”nŸThanh	12555022	0
Ti”uŸLongŸN˜	47	0
--------------Camp FREE Level Sort--------------
	-1	-1
	-2	-1
	-3	-1
	-4	-1
	-5	-1
	-6	-1
	-7	-1
	-8	-1
	-9	-1
	-10	-1
--------------Camp FREE Money Sort---------------
	0	0
	0	0
	0	0
	0	0
	0	0
	0	0
	0	0
	0	0
	0	0
	0	0
Role Number in Faction
Sect NoFaction : 0
Sect ShaoLin : 1
Sect TianWang : 1
Sect TangMen : 1
Sect WuDu : 1
Sect EMei : 1
Sect CuiYan : 1
Sect GaiBang : 1
Sect TianRen : 1
Sect WuDang : 1
Sect KunLun : 1

The Meney Top 1000 Role Rate in Faction
Sect NoFaction : 0
Sect ShaoLin : 1
Sect TianWang : 1
Sect TangMen : 1
Sect WuDu : 1
Sect EMei : 1
Sect CuiYan : 1
Sect GaiBang : 1
Sect TianRen : 1
Sect WuDang : 1
Sect KunLun : 1

The Level Top 1000 Role Rate in Faction
Sect NoFaction : 0
Sect ShaoLin : 1
Sect TianWang : 1
Sect TangMen : 1
Sect WuDu : 1
Sect EMei : 1
Sect CuiYan : 1
Sect GaiBang : 1
Sect TianRen : 1
Sect WuDang : 1
Sect KunLun : 1

Statistic count: 1
Statistic[0]: 312

[2025-03-24 21:52:45]Backup end
