2025-07-17 01:19:17	Deliver statdata: 12 bytes
2025-07-17 03:19:17	Deliver statdata: 12 bytes
2025-07-17 05:19:17	Deliver statdata: 12 bytes
2025-07-17 07:19:14	[QuitBackup]is_quit:0
2025-07-17 07:19:17	Deliver statdata: 12 bytes
2025-07-17 09:19:17	Deliver statdata: 12 bytes
2025-07-17 11:19:17	Deliver statdata: 12 bytes
2025-07-17 13:19:17	Deliver statdata: 12 bytes
2025-07-17 15:19:14	[QuitBackup]is_quit:0
2025-07-17 15:19:17	Deliver statdata: 12 bytes
2025-07-17 17:18:38	GetRoleInfo(블횵〔쟻Quan) OK: Enter Node[0](127.0.0.1 : 33934)
2025-07-17 17:18:38	GetRoleData(블횵〔쟻Quan) OK: datalen(27040)
2025-07-17 17:18:38	EnterGame(블횵〔쟻Quan) OK: Move from Node[0] to Node[1]
2025-07-17 17:19:17	Deliver statdata: 12 bytes
2025-07-17 17:52:00	SaveRoleData(블횵〔쟻Quan) OK: datalen(26732)
2025-07-17 18:25:20	SaveRoleData(블횵〔쟻Quan) OK: datalen(26732)
2025-07-17 18:58:40	SaveRoleData(블횵〔쟻Quan) OK: datalen(26732)
2025-07-17 19:19:17	Deliver statdata: 12 bytes
2025-07-17 19:32:00	SaveRoleData(블횵〔쟻Quan) OK: datalen(26732)
2025-07-17 20:05:20	SaveRoleData(블횵〔쟻Quan) OK: datalen(26732)
2025-07-17 20:38:40	SaveRoleData(블횵〔쟻Quan) OK: datalen(26732)
2025-07-17 21:12:00	SaveRoleData(블횵〔쟻Quan) OK: datalen(26732)
2025-07-17 21:19:17	Deliver statdata: 12 bytes
2025-07-17 21:45:20	SaveRoleData(블횵〔쟻Quan) OK: datalen(26732)
2025-07-17 22:18:40	SaveRoleData(블횵〔쟻Quan) OK: datalen(26732)
2025-07-17 22:52:00	SaveRoleData(블횵〔쟻Quan) OK: datalen(26732)
2025-07-17 23:19:14	[QuitBackup]is_quit:0
2025-07-17 23:19:17	Deliver statdata: 12 bytes
2025-07-17 23:25:20	SaveRoleData(블횵〔쟻Quan) OK: datalen(26732)
2025-07-17 23:58:40	SaveRoleData(블횵〔쟻Quan) OK: datalen(26732)
