2025-07-27 00:06:35	SaveRoleData(H­ÙTróc) OK: datalen(21000)
2025-07-27 00:39:55	SaveRoleData(H­ÙTróc) OK: datalen(21000)
2025-07-27 01:13:15	SaveRoleData(H­ÙTróc) OK: datalen(21000)
2025-07-27 01:19:17	Deliver statdata: 12 bytes
2025-07-27 01:46:35	SaveRoleData(H­ÙTróc) OK: datalen(21000)
2025-07-27 02:19:55	SaveRoleData(H­ÙTróc) OK: datalen(21000)
2025-07-27 02:53:15	SaveRoleData(H­ÙTróc) OK: datalen(21000)
2025-07-27 03:19:17	Deliver statdata: 12 bytes
2025-07-27 03:26:35	SaveRoleData(H­ÙTróc) OK: datalen(21000)
2025-07-27 03:59:55	SaveRoleData(H­ÙTróc) OK: datalen(21000)
2025-07-27 04:33:15	SaveRoleData(H­ÙTróc) OK: datalen(21000)
2025-07-27 05:06:35	SaveRoleData(H­ÙTróc) OK: datalen(21000)
2025-07-27 05:19:17	Deliver statdata: 12 bytes
2025-07-27 05:39:55	SaveRoleData(H­ÙTróc) OK: datalen(21000)
2025-07-27 06:13:15	SaveRoleData(H­ÙTróc) OK: datalen(21000)
2025-07-27 06:46:35	SaveRoleData(H­ÙTróc) OK: datalen(21000)
2025-07-27 07:19:14	[QuitBackup]is_quit:0
2025-07-27 07:19:17	Deliver statdata: 12 bytes
2025-07-27 07:19:55	SaveRoleData(H­ÙTróc) OK: datalen(21000)
2025-07-27 07:53:15	SaveRoleData(H­ÙTróc) OK: datalen(21000)
2025-07-27 08:26:35	SaveRoleData(H­ÙTróc) OK: datalen(21000)
2025-07-27 08:59:55	SaveRoleData(H­ÙTróc) OK: datalen(21000)
2025-07-27 09:19:17	Deliver statdata: 12 bytes
2025-07-27 09:33:15	SaveRoleData(H­ÙTróc) OK: datalen(21000)
2025-07-27 10:06:35	SaveRoleData(H­ÙTróc) OK: datalen(21000)
2025-07-27 10:39:55	SaveRoleData(H­ÙTróc) OK: datalen(21000)
2025-07-27 11:13:15	SaveRoleData(H­ÙTróc) OK: datalen(21000)
2025-07-27 11:19:17	Deliver statdata: 12 bytes
2025-07-27 11:46:35	SaveRoleData(H­ÙTróc) OK: datalen(21000)
2025-07-27 12:19:55	SaveRoleData(H­ÙTróc) OK: datalen(21000)
2025-07-27 12:53:15	SaveRoleData(H­ÙTróc) OK: datalen(21000)
2025-07-27 13:19:17	Deliver statdata: 12 bytes
2025-07-27 13:26:35	SaveRoleData(H­ÙTróc) OK: datalen(21000)
2025-07-27 13:59:55	SaveRoleData(H­ÙTróc) OK: datalen(21000)
2025-07-27 14:15:25	QuitSave[H­ÙTróc] OK: Leave Node[1]
2025-07-27 14:15:25	SaveRoleData(H­ÙTróc) OK: datalen(20992)
2025-07-27 14:16:32	GetRoleInfo(H­ÙTróc) OK: Enter Node[0](127.0.0.1 : 33934)
2025-07-27 14:16:32	GetRoleData(H­ÙTróc) OK: datalen(20992)
2025-07-27 14:16:32	EnterGame(H­ÙTróc) OK: Move from Node[0] to Node[1]
2025-07-27 14:17:40	QuitSave[H­ÙTróc] OK: Leave Node[1]
2025-07-27 14:17:40	SaveRoleData(H­ÙTróc) OK: datalen(20992)
2025-07-27 14:23:57	GetRoleInfo(H­ÙTróc) OK: Enter Node[0](127.0.0.1 : 33934)
2025-07-27 14:23:57	GetRoleData(H­ÙTróc) OK: datalen(20992)
2025-07-27 14:23:57	EnterGame(H­ÙTróc) OK: Move from Node[0] to Node[1]
2025-07-27 14:57:17	SaveRoleData(H­ÙTróc) OK: datalen(21000)
2025-07-27 15:19:14	[QuitBackup]is_quit:0
2025-07-27 15:19:17	Deliver statdata: 12 bytes
2025-07-27 15:30:37	SaveRoleData(H­ÙTróc) OK: datalen(21000)
2025-07-27 16:03:57	SaveRoleData(H­ÙTróc) OK: datalen(21000)
2025-07-27 16:37:17	SaveRoleData(H­ÙTróc) OK: datalen(21000)
2025-07-27 17:06:01	SaveRoleData(H­ÙTróc) OK: datalen(21972)
2025-07-27 17:06:55	SaveRoleData(H­ÙTróc) OK: datalen(21756)
2025-07-27 17:07:35	SaveRoleData(H­ÙTróc) OK: datalen(21972)
2025-07-27 17:19:17	Deliver statdata: 12 bytes
2025-07-27 17:20:19	SaveRoleData(H­ÙTróc) OK: datalen(22944)
2025-07-27 17:32:02	SaveRoleData(H­ÙTróc) OK: datalen(23052)
2025-07-27 17:35:38	SaveRoleData(H­ÙTróc) OK: datalen(22944)
2025-07-27 17:39:09	SaveRoleData(H­ÙTróc) OK: datalen(23052)
2025-07-27 17:49:57	SaveRoleData(H­ÙTróc) OK: datalen(22944)
2025-07-27 17:50:31	SaveRoleData(H­ÙTróc) OK: datalen(23052)
2025-07-27 17:52:53	SaveRoleData(H­ÙTróc) OK: datalen(22944)
2025-07-27 17:56:30	SaveRoleData(H­ÙTróc) OK: datalen(23052)
2025-07-27 18:01:11	SaveRoleData(H­ÙTróc) OK: datalen(22836)
2025-07-27 18:04:05	SaveRoleData(H­ÙTróc) OK: datalen(22836)
2025-07-27 18:06:10	SaveRoleData(H­ÙTróc) OK: datalen(22944)
2025-07-27 18:10:24	SaveRoleData(H­ÙTróc) OK: datalen(22944)
2025-07-27 18:13:49	SaveRoleData(H­ÙTróc) OK: datalen(22944)
2025-07-27 18:16:50	SaveRoleData(H­ÙTróc) OK: datalen(22944)
2025-07-27 18:18:52	SaveRoleData(H­ÙTróc) OK: datalen(22944)
2025-07-27 18:20:41	SaveRoleData(H­ÙTróc) OK: datalen(22944)
2025-07-27 18:22:37	SaveRoleData(H­ÙTróc) OK: datalen(22944)
2025-07-27 18:23:16	SaveRoleData(H­ÙTróc) OK: datalen(22944)
2025-07-27 18:23:50	SaveRoleData(H­ÙTróc) OK: datalen(22944)
2025-07-27 18:24:24	SaveRoleData(H­ÙTróc) OK: datalen(22944)
2025-07-27 18:24:58	SaveRoleData(H­ÙTróc) OK: datalen(22944)
2025-07-27 18:25:30	SaveRoleData(H­ÙTróc) OK: datalen(22944)
2025-07-27 18:26:03	SaveRoleData(H­ÙTróc) OK: datalen(22944)
2025-07-27 18:26:36	SaveRoleData(H­ÙTróc) OK: datalen(22944)
2025-07-27 18:27:11	SaveRoleData(H­ÙTróc) OK: datalen(22944)
2025-07-27 18:27:42	SaveRoleData(H­ÙTróc) OK: datalen(22944)
2025-07-27 18:28:12	SaveRoleData(H­ÙTróc) OK: datalen(22944)
2025-07-27 18:28:42	SaveRoleData(H­ÙTróc) OK: datalen(22944)
2025-07-27 18:29:15	SaveRoleData(H­ÙTróc) OK: datalen(22944)
2025-07-27 18:29:49	SaveRoleData(H­ÙTróc) OK: datalen(22944)
2025-07-27 18:30:20	SaveRoleData(H­ÙTróc) OK: datalen(22944)
2025-07-27 18:30:54	SaveRoleData(H­ÙTróc) OK: datalen(22944)
2025-07-27 18:31:26	SaveRoleData(H­ÙTróc) OK: datalen(22944)
2025-07-27 18:32:01	SaveRoleData(H­ÙTróc) OK: datalen(22944)
2025-07-27 18:32:32	SaveRoleData(H­ÙTróc) OK: datalen(22944)
2025-07-27 18:33:04	SaveRoleData(H­ÙTróc) OK: datalen(22944)
2025-07-27 18:33:40	SaveRoleData(H­ÙTróc) OK: datalen(22944)
2025-07-27 18:34:14	SaveRoleData(H­ÙTróc) OK: datalen(22944)
2025-07-27 18:34:47	SaveRoleData(H­ÙTróc) OK: datalen(22944)
2025-07-27 18:35:18	SaveRoleData(H­ÙTróc) OK: datalen(22944)
2025-07-27 18:36:18	SaveRoleData(H­ÙTróc) OK: datalen(22944)
2025-07-27 18:36:51	SaveRoleData(H­ÙTróc) OK: datalen(22944)
2025-07-27 18:37:48	SaveRoleData(H­ÙTróc) OK: datalen(22944)
2025-07-27 18:38:20	SaveRoleData(H­ÙTróc) OK: datalen(22944)
2025-07-27 18:38:53	SaveRoleData(H­ÙTróc) OK: datalen(22944)
2025-07-27 18:39:54	SaveRoleData(H­ÙTróc) OK: datalen(22944)
2025-07-27 18:41:25	SaveRoleData(H­ÙTróc) OK: datalen(22944)
2025-07-27 18:41:56	SaveRoleData(H­ÙTróc) OK: datalen(22944)
2025-07-27 18:42:26	SaveRoleData(H­ÙTróc) OK: datalen(22944)
2025-07-27 18:42:56	SaveRoleData(H­ÙTróc) OK: datalen(23052)
2025-07-27 18:43:26	SaveRoleData(H­ÙTróc) OK: datalen(22944)
2025-07-27 18:43:58	SaveRoleData(H­ÙTróc) OK: datalen(22944)
2025-07-27 18:44:29	SaveRoleData(H­ÙTróc) OK: datalen(22944)
2025-07-27 18:45:01	SaveRoleData(H­ÙTróc) OK: datalen(22944)
2025-07-27 18:45:31	SaveRoleData(H­ÙTróc) OK: datalen(22944)
2025-07-27 18:46:03	SaveRoleData(H­ÙTróc) OK: datalen(22944)
2025-07-27 18:46:35	SaveRoleData(H­ÙTróc) OK: datalen(22944)
2025-07-27 18:47:06	SaveRoleData(H­ÙTróc) OK: datalen(22944)
2025-07-27 18:47:39	SaveRoleData(H­ÙTróc) OK: datalen(22944)
2025-07-27 18:48:11	SaveRoleData(H­ÙTróc) OK: datalen(22944)
2025-07-27 18:48:43	SaveRoleData(H­ÙTróc) OK: datalen(22944)
2025-07-27 18:49:16	SaveRoleData(H­ÙTróc) OK: datalen(22944)
2025-07-27 18:49:48	SaveRoleData(H­ÙTróc) OK: datalen(22944)
2025-07-27 18:50:48	SaveRoleData(H­ÙTróc) OK: datalen(22944)
2025-07-27 18:51:21	SaveRoleData(H­ÙTróc) OK: datalen(22944)
2025-07-27 18:51:54	SaveRoleData(H­ÙTróc) OK: datalen(22944)
2025-07-27 18:52:25	SaveRoleData(H­ÙTróc) OK: datalen(22944)
2025-07-27 18:52:56	SaveRoleData(H­ÙTróc) OK: datalen(22944)
2025-07-27 18:53:28	SaveRoleData(H­ÙTróc) OK: datalen(22944)
2025-07-27 18:54:01	SaveRoleData(H­ÙTróc) OK: datalen(22944)
2025-07-27 18:54:32	SaveRoleData(H­ÙTróc) OK: datalen(22944)
2025-07-27 18:55:02	SaveRoleData(H­ÙTróc) OK: datalen(22944)
2025-07-27 18:55:34	SaveRoleData(H­ÙTróc) OK: datalen(22944)
2025-07-27 18:56:08	SaveRoleData(H­ÙTróc) OK: datalen(22944)
2025-07-27 18:56:41	SaveRoleData(H­ÙTróc) OK: datalen(22944)
2025-07-27 18:57:12	SaveRoleData(H­ÙTróc) OK: datalen(22944)
2025-07-27 18:57:43	SaveRoleData(H­ÙTróc) OK: datalen(22944)
2025-07-27 18:58:16	SaveRoleData(H­ÙTróc) OK: datalen(22944)
2025-07-27 18:58:47	SaveRoleData(H­ÙTróc) OK: datalen(22944)
2025-07-27 18:59:18	SaveRoleData(H­ÙTróc) OK: datalen(22944)
2025-07-27 18:59:52	SaveRoleData(H­ÙTróc) OK: datalen(22944)
2025-07-27 19:00:22	SaveRoleData(H­ÙTróc) OK: datalen(22944)
2025-07-27 19:00:54	SaveRoleData(H­ÙTróc) OK: datalen(22944)
2025-07-27 19:01:26	SaveRoleData(H­ÙTróc) OK: datalen(22944)
2025-07-27 19:01:59	SaveRoleData(H­ÙTróc) OK: datalen(22944)
2025-07-27 19:02:31	SaveRoleData(H­ÙTróc) OK: datalen(22944)
2025-07-27 19:03:03	SaveRoleData(H­ÙTróc) OK: datalen(22944)
2025-07-27 19:03:34	SaveRoleData(H­ÙTróc) OK: datalen(22944)
2025-07-27 19:04:07	SaveRoleData(H­ÙTróc) OK: datalen(22944)
2025-07-27 19:04:37	SaveRoleData(H­ÙTróc) OK: datalen(22944)
2025-07-27 19:05:11	SaveRoleData(H­ÙTróc) OK: datalen(22944)
2025-07-27 19:05:42	SaveRoleData(H­ÙTróc) OK: datalen(22944)
2025-07-27 19:06:13	SaveRoleData(H­ÙTróc) OK: datalen(22944)
2025-07-27 19:06:45	SaveRoleData(H­ÙTróc) OK: datalen(22944)
2025-07-27 19:07:18	SaveRoleData(H­ÙTróc) OK: datalen(22944)
2025-07-27 19:07:50	SaveRoleData(H­ÙTróc) OK: datalen(22944)
2025-07-27 19:08:21	SaveRoleData(H­ÙTróc) OK: datalen(22944)
2025-07-27 19:08:54	SaveRoleData(H­ÙTróc) OK: datalen(22944)
2025-07-27 19:09:25	SaveRoleData(H­ÙTróc) OK: datalen(22944)
2025-07-27 19:10:00	SaveRoleData(H­ÙTróc) OK: datalen(22944)
2025-07-27 19:10:32	SaveRoleData(H­ÙTróc) OK: datalen(22944)
2025-07-27 19:11:04	SaveRoleData(H­ÙTróc) OK: datalen(22944)
2025-07-27 19:12:35	SaveRoleData(H­ÙTróc) OK: datalen(22944)
2025-07-27 19:13:35	SaveRoleData(H­ÙTróc) OK: datalen(22944)
2025-07-27 19:14:05	SaveRoleData(H­ÙTróc) OK: datalen(22944)
2025-07-27 19:14:36	SaveRoleData(H­ÙTróc) OK: datalen(22944)
2025-07-27 19:15:07	SaveRoleData(H­ÙTróc) OK: datalen(22944)
2025-07-27 19:15:38	SaveRoleData(H­ÙTróc) OK: datalen(22944)
2025-07-27 19:16:11	SaveRoleData(H­ÙTróc) OK: datalen(22944)
2025-07-27 19:16:44	SaveRoleData(H­ÙTróc) OK: datalen(22944)
2025-07-27 19:17:47	SaveRoleData(H­ÙTróc) OK: datalen(22944)
2025-07-27 19:18:19	SaveRoleData(H­ÙTróc) OK: datalen(22944)
2025-07-27 19:18:50	SaveRoleData(H­ÙTróc) OK: datalen(22944)
2025-07-27 19:19:17	Deliver statdata: 12 bytes
2025-07-27 19:19:22	SaveRoleData(H­ÙTróc) OK: datalen(22944)
2025-07-27 19:19:52	SaveRoleData(H­ÙTróc) OK: datalen(22944)
2025-07-27 19:20:23	SaveRoleData(H­ÙTróc) OK: datalen(22944)
2025-07-27 19:20:55	SaveRoleData(H­ÙTróc) OK: datalen(22944)
2025-07-27 19:21:28	SaveRoleData(H­ÙTróc) OK: datalen(22944)
2025-07-27 19:22:30	SaveRoleData(H­ÙTróc) OK: datalen(22944)
2025-07-27 19:23:34	SaveRoleData(H­ÙTróc) OK: datalen(22944)
2025-07-27 19:24:09	SaveRoleData(H­ÙTróc) OK: datalen(22944)
2025-07-27 19:24:43	SaveRoleData(H­ÙTróc) OK: datalen(22944)
2025-07-27 19:25:15	SaveRoleData(H­ÙTróc) OK: datalen(22944)
2025-07-27 19:25:55	SaveRoleData(H­ÙTróc) OK: datalen(22944)
2025-07-27 19:26:32	SaveRoleData(H­ÙTróc) OK: datalen(22944)
2025-07-27 19:27:05	SaveRoleData(H­ÙTróc) OK: datalen(22944)
2025-07-27 19:27:41	SaveRoleData(H­ÙTróc) OK: datalen(22944)
2025-07-27 19:28:15	SaveRoleData(H­ÙTróc) OK: datalen(22944)
2025-07-27 19:28:50	SaveRoleData(H­ÙTróc) OK: datalen(22944)
2025-07-27 19:29:25	SaveRoleData(H­ÙTróc) OK: datalen(22944)
2025-07-27 19:30:02	SaveRoleData(H­ÙTróc) OK: datalen(22944)
2025-07-27 19:30:37	SaveRoleData(H­ÙTróc) OK: datalen(22944)
2025-07-27 19:31:15	SaveRoleData(H­ÙTróc) OK: datalen(22944)
2025-07-27 19:31:48	SaveRoleData(H­ÙTróc) OK: datalen(22944)
2025-07-27 19:32:24	SaveRoleData(H­ÙTróc) OK: datalen(22944)
2025-07-27 19:32:55	SaveRoleData(H­ÙTróc) OK: datalen(22944)
2025-07-27 19:33:29	SaveRoleData(H­ÙTróc) OK: datalen(22944)
2025-07-27 19:34:05	SaveRoleData(H­ÙTróc) OK: datalen(22944)
2025-07-27 19:34:45	SaveRoleData(H­ÙTróc) OK: datalen(22944)
2025-07-27 19:35:20	SaveRoleData(H­ÙTróc) OK: datalen(22944)
2025-07-27 19:35:59	SaveRoleData(H­ÙTróc) OK: datalen(22944)
2025-07-27 19:36:32	SaveRoleData(H­ÙTróc) OK: datalen(22944)
2025-07-27 19:37:08	SaveRoleData(H­ÙTróc) OK: datalen(22944)
2025-07-27 19:37:42	SaveRoleData(H­ÙTróc) OK: datalen(22944)
2025-07-27 19:38:19	SaveRoleData(H­ÙTróc) OK: datalen(22944)
2025-07-27 19:38:55	SaveRoleData(H­ÙTróc) OK: datalen(22944)
2025-07-27 19:39:32	SaveRoleData(H­ÙTróc) OK: datalen(22944)
2025-07-27 19:40:04	SaveRoleData(H­ÙTróc) OK: datalen(22944)
2025-07-27 19:40:45	SaveRoleData(H­ÙTróc) OK: datalen(22944)
2025-07-27 19:41:24	SaveRoleData(H­ÙTróc) OK: datalen(22944)
2025-07-27 19:42:03	SaveRoleData(H­ÙTróc) OK: datalen(22944)
2025-07-27 19:42:36	SaveRoleData(H­ÙTróc) OK: datalen(22944)
2025-07-27 19:43:12	SaveRoleData(H­ÙTróc) OK: datalen(22944)
2025-07-27 19:43:45	SaveRoleData(H­ÙTróc) OK: datalen(22944)
2025-07-27 19:44:19	SaveRoleData(H­ÙTróc) OK: datalen(22944)
2025-07-27 19:44:54	SaveRoleData(H­ÙTróc) OK: datalen(22944)
2025-07-27 19:45:27	SaveRoleData(H­ÙTróc) OK: datalen(22944)
2025-07-27 19:46:05	SaveRoleData(H­ÙTróc) OK: datalen(22944)
2025-07-27 19:46:55	SaveRoleData(H­ÙTróc) OK: datalen(22944)
2025-07-27 19:51:58	SaveRoleData(H­ÙTróc) OK: datalen(22944)
2025-07-27 19:55:10	SaveRoleData(H­ÙTróc) OK: datalen(22944)
2025-07-27 19:58:39	SaveRoleData(H­ÙTróc) OK: datalen(22944)
2025-07-27 20:01:32	SaveRoleData(H­ÙTróc) OK: datalen(22944)
2025-07-27 20:34:52	SaveRoleData(H­ÙTróc) OK: datalen(23052)
2025-07-27 21:08:12	SaveRoleData(H­ÙTróc) OK: datalen(23052)
2025-07-27 21:19:17	Deliver statdata: 12 bytes
2025-07-27 21:41:32	SaveRoleData(H­ÙTróc) OK: datalen(23052)
2025-07-27 22:14:52	SaveRoleData(H­ÙTróc) OK: datalen(23052)
2025-07-27 22:48:12	SaveRoleData(H­ÙTróc) OK: datalen(23052)
2025-07-27 23:19:14	[QuitBackup]is_quit:0
2025-07-27 23:19:17	Deliver statdata: 12 bytes
2025-07-27 23:21:32	SaveRoleData(H­ÙTróc) OK: datalen(23052)
2025-07-27 23:54:52	SaveRoleData(H­ÙTróc) OK: datalen(23052)
