2025-09-17 00:06:47	Deliver statdata: 12 bytes
2025-09-17 00:26:46	SaveRoleData(H­ÙTróc) OK: datalen(22936)
2025-09-17 01:00:06	SaveRoleData(H­ÙTróc) OK: datalen(22936)
2025-09-17 01:33:26	SaveRoleData(H­ÙTróc) OK: datalen(22936)
2025-09-17 02:06:46	SaveRoleData(H­ÙTróc) OK: datalen(22936)
2025-09-17 02:06:47	Deliver statdata: 12 bytes
2025-09-17 02:40:06	SaveRoleData(H­ÙTróc) OK: datalen(22936)
2025-09-17 03:13:26	SaveRoleData(H­ÙTróc) OK: datalen(22936)
2025-09-17 03:46:46	SaveRoleData(H­ÙTróc) OK: datalen(22936)
2025-09-17 04:06:47	Deliver statdata: 12 bytes
2025-09-17 04:20:06	SaveRoleData(H­ÙTróc) OK: datalen(22936)
2025-09-17 04:53:26	SaveRoleData(H­ÙTróc) OK: datalen(22936)
2025-09-17 05:26:46	SaveRoleData(H­ÙTróc) OK: datalen(22936)
2025-09-17 06:00:06	SaveRoleData(H­ÙTróc) OK: datalen(22936)
2025-09-17 06:06:40	[QuitBackup]is_quit:0
2025-09-17 06:06:47	Deliver statdata: 12 bytes
2025-09-17 06:33:26	SaveRoleData(H­ÙTróc) OK: datalen(22936)
2025-09-17 07:06:46	SaveRoleData(H­ÙTróc) OK: datalen(22936)
2025-09-17 07:40:06	SaveRoleData(H­ÙTróc) OK: datalen(22936)
2025-09-17 08:06:47	Deliver statdata: 12 bytes
2025-09-17 08:13:26	SaveRoleData(H­ÙTróc) OK: datalen(22936)
2025-09-17 08:46:46	SaveRoleData(H­ÙTróc) OK: datalen(22936)
2025-09-17 09:20:06	SaveRoleData(H­ÙTróc) OK: datalen(22936)
2025-09-17 09:53:26	SaveRoleData(H­ÙTróc) OK: datalen(22936)
2025-09-17 10:06:47	Deliver statdata: 12 bytes
2025-09-17 10:26:46	SaveRoleData(H­ÙTróc) OK: datalen(22936)
2025-09-17 11:00:06	SaveRoleData(H­ÙTróc) OK: datalen(22936)
2025-09-17 11:33:26	SaveRoleData(H­ÙTróc) OK: datalen(22936)
2025-09-17 12:06:46	SaveRoleData(H­ÙTróc) OK: datalen(22936)
2025-09-17 12:06:47	Deliver statdata: 12 bytes
2025-09-17 12:40:06	SaveRoleData(H­ÙTróc) OK: datalen(22936)
2025-09-17 13:13:26	SaveRoleData(H­ÙTróc) OK: datalen(22936)
2025-09-17 13:46:46	SaveRoleData(H­ÙTróc) OK: datalen(22936)
2025-09-17 14:06:40	[QuitBackup]is_quit:0
2025-09-17 14:06:47	Deliver statdata: 12 bytes
2025-09-17 14:20:06	SaveRoleData(H­ÙTróc) OK: datalen(22936)
2025-09-17 14:53:26	SaveRoleData(H­ÙTróc) OK: datalen(22936)
2025-09-17 15:26:46	SaveRoleData(H­ÙTróc) OK: datalen(22936)
2025-09-17 16:00:06	SaveRoleData(H­ÙTróc) OK: datalen(22936)
2025-09-17 16:06:47	Deliver statdata: 12 bytes
2025-09-17 16:33:26	SaveRoleData(H­ÙTróc) OK: datalen(22936)
2025-09-17 17:06:46	SaveRoleData(H­ÙTróc) OK: datalen(22936)
2025-09-17 17:40:06	SaveRoleData(H­ÙTróc) OK: datalen(22936)
2025-09-17 18:06:47	Deliver statdata: 12 bytes
2025-09-17 18:13:26	SaveRoleData(H­ÙTróc) OK: datalen(22936)
2025-09-17 18:46:46	SaveRoleData(H­ÙTróc) OK: datalen(22936)
2025-09-17 19:20:06	SaveRoleData(H­ÙTróc) OK: datalen(22936)
2025-09-17 19:53:26	SaveRoleData(H­ÙTróc) OK: datalen(22936)
2025-09-17 20:06:47	Deliver statdata: 12 bytes
2025-09-17 20:26:46	SaveRoleData(H­ÙTróc) OK: datalen(22936)
2025-09-17 21:00:06	SaveRoleData(H­ÙTróc) OK: datalen(22936)
2025-09-17 21:33:26	SaveRoleData(H­ÙTróc) OK: datalen(22936)
2025-09-17 22:06:40	[QuitBackup]is_quit:0
2025-09-17 22:06:46	SaveRoleData(H­ÙTróc) OK: datalen(22936)
2025-09-17 22:06:47	Deliver statdata: 12 bytes
2025-09-17 22:40:06	SaveRoleData(H­ÙTróc) OK: datalen(22936)
2025-09-17 23:13:26	SaveRoleData(H­ÙTróc) OK: datalen(22936)
2025-09-17 23:46:46	SaveRoleData(H­ÙTróc) OK: datalen(22936)
2025-09-17 23:53:17	QuitSave[H­ÙTróc] OK: Leave Node[1]
2025-09-17 23:53:17	SaveRoleData(H­ÙTróc) OK: datalen(22928)
2025-09-17 23:53:59	GetRoleInfo(H­ÙTróc) OK: Enter Node[0](127.0.0.1 : 59604)
2025-09-17 23:53:59	GetRoleData(H­ÙTróc) OK: datalen(22928)
2025-09-17 23:53:59	EnterGame(H­ÙTróc) OK: Move from Node[0] to Node[1]
