2025-09-18 00:06:47	Deliver statdata: 12 bytes
2025-09-18 00:27:21	SaveRoleData(H­ÙTróc) OK: datalen(22936)
2025-09-18 01:00:41	SaveRoleData(H­ÙTróc) OK: datalen(22936)
2025-09-18 01:34:01	SaveRoleData(H­ÙTróc) OK: datalen(22936)
2025-09-18 02:06:47	Deliver statdata: 12 bytes
2025-09-18 02:07:21	SaveRoleData(H­ÙTróc) OK: datalen(22936)
2025-09-18 02:40:41	SaveRoleData(H­ÙTróc) OK: datalen(22936)
2025-09-18 03:12:50	QuitSave[H­ÙTróc] OK: Leave Node[1]
2025-09-18 03:12:50	SaveRoleData(H­ÙTróc) OK: datalen(22928)
2025-09-18 03:13:39	GetRoleInfo(H­ÙTróc) OK: Enter Node[0](127.0.0.1 : 59604)
2025-09-18 03:13:39	GetRoleData(H­ÙTróc) OK: datalen(22928)
2025-09-18 03:13:40	EnterGame(H­ÙTróc) OK: Move from Node[0] to Node[1]
2025-09-18 03:47:02	SaveRoleData(H­ÙTróc) OK: datalen(22936)
2025-09-18 04:06:47	Deliver statdata: 12 bytes
2025-09-18 04:20:22	SaveRoleData(H­ÙTróc) OK: datalen(22936)
2025-09-18 04:53:42	SaveRoleData(H­ÙTróc) OK: datalen(22936)
2025-09-18 05:27:01	SaveRoleData(H­ÙTróc) OK: datalen(22936)
2025-09-18 06:00:22	SaveRoleData(H­ÙTróc) OK: datalen(22936)
2025-09-18 06:06:40	[QuitBackup]is_quit:0
2025-09-18 06:06:47	Deliver statdata: 12 bytes
2025-09-18 06:33:42	SaveRoleData(H­ÙTróc) OK: datalen(22936)
2025-09-18 07:07:02	SaveRoleData(H­ÙTróc) OK: datalen(22936)
2025-09-18 07:40:22	SaveRoleData(H­ÙTróc) OK: datalen(22936)
2025-09-18 08:06:47	Deliver statdata: 12 bytes
2025-09-18 08:13:42	SaveRoleData(H­ÙTróc) OK: datalen(22936)
2025-09-18 08:47:02	SaveRoleData(H­ÙTróc) OK: datalen(22936)
2025-09-18 09:20:22	SaveRoleData(H­ÙTróc) OK: datalen(22936)
2025-09-18 09:53:42	SaveRoleData(H­ÙTróc) OK: datalen(22936)
2025-09-18 10:06:47	Deliver statdata: 12 bytes
2025-09-18 10:27:02	SaveRoleData(H­ÙTróc) OK: datalen(22936)
2025-09-18 11:00:22	SaveRoleData(H­ÙTróc) OK: datalen(22936)
2025-09-18 11:33:42	SaveRoleData(H­ÙTróc) OK: datalen(22936)
2025-09-18 12:06:47	Deliver statdata: 12 bytes
2025-09-18 12:07:02	SaveRoleData(H­ÙTróc) OK: datalen(22936)
2025-09-18 12:40:22	SaveRoleData(H­ÙTróc) OK: datalen(22936)
2025-09-18 13:13:42	SaveRoleData(H­ÙTróc) OK: datalen(22936)
2025-09-18 13:47:02	SaveRoleData(H­ÙTróc) OK: datalen(22936)
2025-09-18 14:06:40	[QuitBackup]is_quit:0
2025-09-18 14:06:47	Deliver statdata: 12 bytes
2025-09-18 14:20:21	SaveRoleData(H­ÙTróc) OK: datalen(22936)
2025-09-18 14:53:42	SaveRoleData(H­ÙTróc) OK: datalen(22936)
2025-09-18 15:27:02	SaveRoleData(H­ÙTróc) OK: datalen(22936)
2025-09-18 16:00:22	SaveRoleData(H­ÙTróc) OK: datalen(22936)
2025-09-18 16:06:47	Deliver statdata: 12 bytes
2025-09-18 16:33:42	SaveRoleData(H­ÙTróc) OK: datalen(22936)
2025-09-18 17:07:02	SaveRoleData(H­ÙTróc) OK: datalen(22936)
2025-09-18 17:40:22	SaveRoleData(H­ÙTróc) OK: datalen(22936)
2025-09-18 18:06:47	Deliver statdata: 12 bytes
2025-09-18 18:13:42	SaveRoleData(H­ÙTróc) OK: datalen(22936)
2025-09-18 18:47:02	SaveRoleData(H­ÙTróc) OK: datalen(22936)
2025-09-18 19:20:22	SaveRoleData(H­ÙTróc) OK: datalen(22936)
2025-09-18 19:53:42	SaveRoleData(H­ÙTróc) OK: datalen(22936)
2025-09-18 20:06:47	Deliver statdata: 12 bytes
2025-09-18 20:27:02	SaveRoleData(H­ÙTróc) OK: datalen(22936)
2025-09-18 21:00:21	SaveRoleData(H­ÙTróc) OK: datalen(22936)
2025-09-18 21:33:42	SaveRoleData(H­ÙTróc) OK: datalen(22936)
2025-09-18 22:06:40	[QuitBackup]is_quit:0
2025-09-18 22:06:47	Deliver statdata: 12 bytes
2025-09-18 22:07:02	SaveRoleData(H­ÙTróc) OK: datalen(22936)
2025-09-18 22:40:22	SaveRoleData(H­ÙTróc) OK: datalen(22936)
2025-09-18 23:13:42	SaveRoleData(H­ÙTróc) OK: datalen(22936)
2025-09-18 23:47:02	SaveRoleData(H­ÙTróc) OK: datalen(22936)
