2025-07-20 00:18:40	SaveRoleData(블횵〔쟻Quan) OK: datalen(26732)
2025-07-20 00:52:00	SaveRoleData(블횵〔쟻Quan) OK: datalen(26732)
2025-07-20 01:19:17	Deliver statdata: 12 bytes
2025-07-20 01:25:20	SaveRoleData(블횵〔쟻Quan) OK: datalen(26732)
2025-07-20 01:58:40	SaveRoleData(블횵〔쟻Quan) OK: datalen(26732)
2025-07-20 02:32:00	SaveRoleData(블횵〔쟻Quan) OK: datalen(26732)
2025-07-20 03:05:20	SaveRoleData(블횵〔쟻Quan) OK: datalen(26732)
2025-07-20 03:19:17	Deliver statdata: 12 bytes
2025-07-20 03:38:40	SaveRoleData(블횵〔쟻Quan) OK: datalen(26732)
2025-07-20 04:12:00	SaveRoleData(블횵〔쟻Quan) OK: datalen(26732)
2025-07-20 04:45:20	SaveRoleData(블횵〔쟻Quan) OK: datalen(26732)
2025-07-20 05:18:40	SaveRoleData(블횵〔쟻Quan) OK: datalen(26732)
2025-07-20 05:19:17	Deliver statdata: 12 bytes
2025-07-20 05:52:00	SaveRoleData(블횵〔쟻Quan) OK: datalen(26732)
2025-07-20 06:25:20	SaveRoleData(블횵〔쟻Quan) OK: datalen(26732)
2025-07-20 06:58:40	SaveRoleData(블횵〔쟻Quan) OK: datalen(26732)
2025-07-20 07:19:14	[QuitBackup]is_quit:0
2025-07-20 07:19:17	Deliver statdata: 12 bytes
2025-07-20 07:32:00	SaveRoleData(블횵〔쟻Quan) OK: datalen(26732)
2025-07-20 08:05:20	SaveRoleData(블횵〔쟻Quan) OK: datalen(26732)
2025-07-20 08:38:40	SaveRoleData(블횵〔쟻Quan) OK: datalen(26732)
2025-07-20 09:12:00	SaveRoleData(블횵〔쟻Quan) OK: datalen(26732)
2025-07-20 09:19:17	Deliver statdata: 12 bytes
2025-07-20 09:45:20	SaveRoleData(블횵〔쟻Quan) OK: datalen(26732)
2025-07-20 10:18:40	SaveRoleData(블횵〔쟻Quan) OK: datalen(26732)
2025-07-20 10:52:00	SaveRoleData(블횵〔쟻Quan) OK: datalen(26732)
2025-07-20 11:19:17	Deliver statdata: 12 bytes
2025-07-20 11:25:20	SaveRoleData(블횵〔쟻Quan) OK: datalen(26732)
2025-07-20 11:58:40	SaveRoleData(블횵〔쟻Quan) OK: datalen(26732)
2025-07-20 12:32:00	SaveRoleData(블횵〔쟻Quan) OK: datalen(26732)
2025-07-20 13:05:20	SaveRoleData(블횵〔쟻Quan) OK: datalen(26732)
2025-07-20 13:19:17	Deliver statdata: 12 bytes
2025-07-20 13:38:40	SaveRoleData(블횵〔쟻Quan) OK: datalen(26732)
2025-07-20 14:12:00	SaveRoleData(블횵〔쟻Quan) OK: datalen(26732)
2025-07-20 14:45:20	SaveRoleData(블횵〔쟻Quan) OK: datalen(26732)
2025-07-20 15:18:40	SaveRoleData(블횵〔쟻Quan) OK: datalen(26732)
2025-07-20 15:19:14	[QuitBackup]is_quit:0
2025-07-20 15:19:17	Deliver statdata: 12 bytes
2025-07-20 15:52:00	SaveRoleData(블횵〔쟻Quan) OK: datalen(26732)
2025-07-20 16:25:20	SaveRoleData(블횵〔쟻Quan) OK: datalen(26732)
2025-07-20 16:58:40	SaveRoleData(블횵〔쟻Quan) OK: datalen(26732)
2025-07-20 17:19:17	Deliver statdata: 12 bytes
2025-07-20 17:32:00	SaveRoleData(블횵〔쟻Quan) OK: datalen(26732)
2025-07-20 18:05:20	SaveRoleData(블횵〔쟻Quan) OK: datalen(26732)
2025-07-20 18:38:40	SaveRoleData(블횵〔쟻Quan) OK: datalen(26732)
2025-07-20 19:12:00	SaveRoleData(블횵〔쟻Quan) OK: datalen(26732)
2025-07-20 19:19:17	Deliver statdata: 12 bytes
2025-07-20 19:19:28	QuitSave[블횵〔쟻Quan] OK: Leave Node[1]
2025-07-20 19:19:28	SaveRoleData(블횵〔쟻Quan) OK: datalen(26724)
2025-07-20 19:20:56	GetRoleInfo(블횵〔쟻Quan) OK: Enter Node[0](127.0.0.1 : 33934)
2025-07-20 19:20:56	GetRoleData(블횵〔쟻Quan) OK: datalen(26724)
2025-07-20 19:20:56	EnterGame(블횵〔쟻Quan) OK: Move from Node[0] to Node[1]
2025-07-20 19:54:17	SaveRoleData(블횵〔쟻Quan) OK: datalen(26732)
2025-07-20 20:27:37	SaveRoleData(블횵〔쟻Quan) OK: datalen(26732)
2025-07-20 21:00:57	SaveRoleData(블횵〔쟻Quan) OK: datalen(26732)
2025-07-20 21:19:17	Deliver statdata: 12 bytes
2025-07-20 21:34:17	SaveRoleData(블횵〔쟻Quan) OK: datalen(26732)
2025-07-20 22:07:37	SaveRoleData(블횵〔쟻Quan) OK: datalen(26732)
2025-07-20 22:40:57	SaveRoleData(블횵〔쟻Quan) OK: datalen(26732)
2025-07-20 23:14:17	SaveRoleData(블횵〔쟻Quan) OK: datalen(26732)
2025-07-20 23:19:14	[QuitBackup]is_quit:0
2025-07-20 23:19:17	Deliver statdata: 12 bytes
2025-07-20 23:47:37	SaveRoleData(블횵〔쟻Quan) OK: datalen(26732)
